This file contains any messages produced by compilers while
running configure, to aid debugging if configure makes a mistake.

It was created by ltrace configure 0.6.0, which was
generated by GNU Autoconf 2.68.  Invocation command line was

  $ ./configure --prefix=/system/bin --host=armv7-unknown-linux --disable-werror

## --------- ##
## Platform. ##
## --------- ##

hostname = indal-pc
uname -m = x86_64
uname -r = 3.0.0-15-generic
uname -s = Linux
uname -v = #26-Ubuntu SMP Fri Jan 20 17:23:00 UTC 2012

/usr/bin/uname -p = unknown
/bin/uname -X     = unknown

/bin/arch              = unknown
/usr/bin/arch -k       = unknown
/usr/convex/getsysinfo = unknown
/usr/bin/hostinfo      = unknown
/bin/machine           = unknown
/usr/bin/oslevel       = unknown
/bin/universe          = unknown

PATH: /home/indal.choi/bin
PATH: /usr/lib/lightdm/lightdm
PATH: /usr/local/sbin
PATH: /usr/local/bin
PATH: /usr/sbin
PATH: /usr/bin
PATH: /sbin
PATH: /bin
PATH: /usr/games
PATH: /home/indal.choi/bin
PATH: /home/indal.choi/bin/android-sdk-linux/platform-tools
PATH: /home/indal.choi/bin/android-sdk-linux/tools
PATH: /home/indal.choi/t32/bin/pc_linux64
PATH: /usr/local/bin


## ----------- ##
## Core tests. ##
## ----------- ##

configure:2472: checking build system type
configure:2486: result: x86_64-unknown-linux-gnu
configure:2506: checking host system type
configure:2519: result: armv7-unknown-linux-gnu
configure:2565: checking for armv7-unknown-linux-gcc
configure:2592: result: /home/indal.choi/bin/android-ndk-r7/toolchains/arm-linux-androideabi-4.4.3/prebuilt/linux-x86/bin/arm-linux-androideabi-gcc
configure:2861: checking for C compiler version
configure:2870: /home/indal.choi/bin/android-ndk-r7/toolchains/arm-linux-androideabi-4.4.3/prebuilt/linux-x86/bin/arm-linux-androideabi-gcc --version >&5
arm-linux-androideabi-gcc (GCC) 4.4.3
Copyright (C) 2009 Free Software Foundation, Inc.
This is free software; see the source for copying conditions.  There is NO
warranty; not even for MERCHANTABILITY or FITNESS FOR A PARTICULAR PURPOSE.

configure:2881: $? = 0
configure:2870: /home/indal.choi/bin/android-ndk-r7/toolchains/arm-linux-androideabi-4.4.3/prebuilt/linux-x86/bin/arm-linux-androideabi-gcc -v >&5
Using built-in specs.
Target: arm-linux-androideabi
Configured with: /tmp/ndk-digit/src/build/../gcc/gcc-4.4.3/configure --prefix=/usr/local/google/digit/repo/opensource/ndk/toolchains/arm-linux-androideabi-4.4.3/prebuilt/linux-x86 --target=arm-linux-androideabi --host=x86_64-linux-gnu --build=x86_64-linux-gnu --with-gnu-as --with-gnu-ld --enable-languages=c,c++ --with-gmp=/tmp/ndk-digit/build/toolchain/temp-install --with-mpfr=/tmp/ndk-digit/build/toolchain/temp-install --disable-libssp --enable-threads --disable-nls --disable-libmudflap --disable-libgomp --disable-libstdc__-v3 --disable-sjlj-exceptions --disable-shared --disable-tls --with-float=soft --with-fpu=vfp --with-arch=armv5te --enable-target-optspace --enable-initfini-array --disable-nls --prefix=/usr/local/google/digit/repo/opensource/ndk/toolchains/arm-linux-androideabi-4.4.3/prebuilt/linux-x86 --with-sysroot=/usr/local/google/digit/repo/opensource/ndk/toolchains/arm-linux-androideabi-4.4.3/prebuilt/linux-x86/sysroot --with-binutils-version=2.20.1 --with-mpfr-version=2.4.1 --with-gmp-version=4.2.4 --with-gcc-version=4.4.3 --with-gdb-version=6.6 --with-arch=armv5te --program-transform-name='s,^,arm-linux-androideabi-,'
Thread model: posix
gcc version 4.4.3 (GCC) 
configure:2881: $? = 0
configure:2870: /home/indal.choi/bin/android-ndk-r7/toolchains/arm-linux-androideabi-4.4.3/prebuilt/linux-x86/bin/arm-linux-androideabi-gcc -V >&5
arm-linux-androideabi-gcc: '-V' option must have argument
configure:2881: $? = 1
configure:2870: /home/indal.choi/bin/android-ndk-r7/toolchains/arm-linux-androideabi-4.4.3/prebuilt/linux-x86/bin/arm-linux-androideabi-gcc -qversion >&5
arm-linux-androideabi-gcc: unrecognized option '-qversion'
arm-linux-androideabi-gcc: no input files
configure:2881: $? = 1
configure:2901: checking whether the C compiler works
configure:2923: /home/indal.choi/bin/android-ndk-r7/toolchains/arm-linux-androideabi-4.4.3/prebuilt/linux-x86/bin/arm-linux-androideabi-gcc --sysroot=/home/indal.choi/bin/android-ndk-r7/platforms/android-9/arch-arm -fvisibility=default --sysroot=/home/indal.choi/bin/android-ndk-r7/platforms/android-9/arch-arm -fvisibility=default  conftest.c  >&5
configure:2927: $? = 0
configure:2975: result: yes
configure:2978: checking for C compiler default output file name
configure:2980: result: a.out
configure:2986: checking for suffix of executables
configure:2993: /home/indal.choi/bin/android-ndk-r7/toolchains/arm-linux-androideabi-4.4.3/prebuilt/linux-x86/bin/arm-linux-androideabi-gcc -o conftest --sysroot=/home/indal.choi/bin/android-ndk-r7/platforms/android-9/arch-arm -fvisibility=default --sysroot=/home/indal.choi/bin/android-ndk-r7/platforms/android-9/arch-arm -fvisibility=default  conftest.c  >&5
configure:2997: $? = 0
configure:3019: result: 
configure:3041: checking whether we are cross compiling
configure:3049: /home/indal.choi/bin/android-ndk-r7/toolchains/arm-linux-androideabi-4.4.3/prebuilt/linux-x86/bin/arm-linux-androideabi-gcc -o conftest --sysroot=/home/indal.choi/bin/android-ndk-r7/platforms/android-9/arch-arm -fvisibility=default --sysroot=/home/indal.choi/bin/android-ndk-r7/platforms/android-9/arch-arm -fvisibility=default  conftest.c  >&5
configure:3053: $? = 0
configure:3060: ./conftest
./configure: line 3062: ./conftest: cannot execute binary file
configure:3064: $? = 126
configure:3079: result: yes
configure:3084: checking for suffix of object files
configure:3106: /home/indal.choi/bin/android-ndk-r7/toolchains/arm-linux-androideabi-4.4.3/prebuilt/linux-x86/bin/arm-linux-androideabi-gcc -c --sysroot=/home/indal.choi/bin/android-ndk-r7/platforms/android-9/arch-arm -fvisibility=default --sysroot=/home/indal.choi/bin/android-ndk-r7/platforms/android-9/arch-arm -fvisibility=default conftest.c >&5
configure:3110: $? = 0
configure:3131: result: o
configure:3135: checking whether we are using the GNU C compiler
configure:3154: /home/indal.choi/bin/android-ndk-r7/toolchains/arm-linux-androideabi-4.4.3/prebuilt/linux-x86/bin/arm-linux-androideabi-gcc -c --sysroot=/home/indal.choi/bin/android-ndk-r7/platforms/android-9/arch-arm -fvisibility=default --sysroot=/home/indal.choi/bin/android-ndk-r7/platforms/android-9/arch-arm -fvisibility=default conftest.c >&5
configure:3154: $? = 0
configure:3163: result: yes
configure:3172: checking whether /home/indal.choi/bin/android-ndk-r7/toolchains/arm-linux-androideabi-4.4.3/prebuilt/linux-x86/bin/arm-linux-androideabi-gcc accepts -g
configure:3192: /home/indal.choi/bin/android-ndk-r7/toolchains/arm-linux-androideabi-4.4.3/prebuilt/linux-x86/bin/arm-linux-androideabi-gcc -c -g --sysroot=/home/indal.choi/bin/android-ndk-r7/platforms/android-9/arch-arm -fvisibility=default conftest.c >&5
configure:3192: $? = 0
configure:3233: result: yes
configure:3250: checking for /home/indal.choi/bin/android-ndk-r7/toolchains/arm-linux-androideabi-4.4.3/prebuilt/linux-x86/bin/arm-linux-androideabi-gcc option to accept ISO C89
configure:3314: /home/indal.choi/bin/android-ndk-r7/toolchains/arm-linux-androideabi-4.4.3/prebuilt/linux-x86/bin/arm-linux-androideabi-gcc  -c --sysroot=/home/indal.choi/bin/android-ndk-r7/platforms/android-9/arch-arm -fvisibility=default --sysroot=/home/indal.choi/bin/android-ndk-r7/platforms/android-9/arch-arm -fvisibility=default conftest.c >&5
configure:3314: $? = 0
configure:3327: result: none needed
configure:3393: checking how to print strings
configure:3420: result: printf
configure:3441: checking for a sed that does not truncate output
configure:3505: result: /bin/sed
configure:3523: checking for grep that handles long lines and -e
configure:3581: result: /bin/grep
configure:3586: checking for egrep
configure:3648: result: /bin/grep -E
configure:3653: checking for fgrep
configure:3715: result: /bin/grep -F
configure:3750: checking for ld used by /home/indal.choi/bin/android-ndk-r7/toolchains/arm-linux-androideabi-4.4.3/prebuilt/linux-x86/bin/arm-linux-androideabi-gcc
configure:3817: result: /home/indal.choi/bin/android-ndk-r7/toolchains/arm-linux-androideabi-4.4.3/prebuilt/linux-x86/bin/arm-linux-androideabi-ld
configure:3824: checking if the linker (/home/indal.choi/bin/android-ndk-r7/toolchains/arm-linux-androideabi-4.4.3/prebuilt/linux-x86/bin/arm-linux-androideabi-ld) is GNU ld
configure:3839: result: yes
configure:3851: checking for BSD- or MS-compatible name lister (nm)
configure:3900: result: no
configure:3914: checking for armv7-unknown-linux-dumpbin
configure:3944: result: no
configure:3914: checking for armv7-unknown-linux-link
configure:3944: result: no
configure:3958: checking for dumpbin
configure:3988: result: no
configure:3958: checking for link
configure:3974: found /usr/bin/link
configure:3985: result: link -dump
configure:4001: WARNING: using cross tools not prefixed with host triplet
configure:4030: checking the name lister (nm) interface
configure:4037: /home/indal.choi/bin/android-ndk-r7/toolchains/arm-linux-androideabi-4.4.3/prebuilt/linux-x86/bin/arm-linux-androideabi-gcc -c --sysroot=/home/indal.choi/bin/android-ndk-r7/platforms/android-9/arch-arm -fvisibility=default --sysroot=/home/indal.choi/bin/android-ndk-r7/platforms/android-9/arch-arm -fvisibility=default conftest.c >&5
configure:4040: nm "conftest.o"
configure:4043: output
00000000 b $d
00000000 B some_variable
configure:4050: result: BSD nm
configure:4053: checking whether ln -s works
configure:4057: result: yes
configure:4065: checking the maximum length of command line arguments
configure:4190: result: 1572864
configure:4207: checking whether the shell understands some XSI constructs
configure:4217: result: yes
configure:4221: checking whether the shell understands "+="
configure:4227: result: yes
configure:4262: checking how to convert x86_64-unknown-linux-gnu file names to armv7-unknown-linux-gnu format
configure:4302: result: func_convert_file_noop
configure:4309: checking how to convert x86_64-unknown-linux-gnu file names to toolchain format
configure:4329: result: func_convert_file_noop
configure:4336: checking for /home/indal.choi/bin/android-ndk-r7/toolchains/arm-linux-androideabi-4.4.3/prebuilt/linux-x86/bin/arm-linux-androideabi-ld option to reload object files
configure:4343: result: -r
configure:4377: checking for armv7-unknown-linux-objdump
configure:4407: result: no
configure:4417: checking for objdump
configure:4433: found /usr/bin/objdump
configure:4444: result: objdump
configure:4476: checking how to recognize dependent libraries
configure:4678: result: pass_all
configure:4723: checking for armv7-unknown-linux-dlltool
configure:4753: result: no
configure:4763: checking for dlltool
configure:4793: result: no
configure:4823: checking how to associate runtime and link libraries
configure:4850: result: printf %s\n
configure:4867: checking for armv7-unknown-linux-ar
configure:4894: result: /home/indal.choi/bin/android-ndk-r7/toolchains/arm-linux-androideabi-4.4.3/prebuilt/linux-x86/bin/arm-linux-androideabi-ar
configure:4975: checking for archiver @FILE support
configure:4992: /home/indal.choi/bin/android-ndk-r7/toolchains/arm-linux-androideabi-4.4.3/prebuilt/linux-x86/bin/arm-linux-androideabi-gcc -c --sysroot=/home/indal.choi/bin/android-ndk-r7/platforms/android-9/arch-arm -fvisibility=default --sysroot=/home/indal.choi/bin/android-ndk-r7/platforms/android-9/arch-arm -fvisibility=default conftest.c >&5
configure:4992: $? = 0
configure:4995: /home/indal.choi/bin/android-ndk-r7/toolchains/arm-linux-androideabi-4.4.3/prebuilt/linux-x86/bin/arm-linux-androideabi-ar cru libconftest.a @conftest.lst >&5
configure:4998: $? = 0
configure:5003: /home/indal.choi/bin/android-ndk-r7/toolchains/arm-linux-androideabi-4.4.3/prebuilt/linux-x86/bin/arm-linux-androideabi-ar cru libconftest.a @conftest.lst >&5
/home/indal.choi/bin/android-ndk-r7/toolchains/arm-linux-androideabi-4.4.3/prebuilt/linux-x86/bin/arm-linux-androideabi-ar: conftest.o: No such file or directory
configure:5006: $? = 1
configure:5018: result: @
configure:5036: checking for armv7-unknown-linux-strip
configure:5066: result: no
configure:5076: checking for strip
configure:5092: found /usr/bin/strip
configure:5103: result: strip
configure:5135: checking for armv7-unknown-linux-ranlib
configure:5165: result: no
configure:5175: checking for ranlib
configure:5191: found /usr/bin/ranlib
configure:5202: result: ranlib
configure:5279: checking for gawk
configure:5309: result: no
configure:5279: checking for mawk
configure:5295: found /usr/bin/mawk
configure:5306: result: mawk
configure:5346: checking command to parse nm output from /home/indal.choi/bin/android-ndk-r7/toolchains/arm-linux-androideabi-4.4.3/prebuilt/linux-x86/bin/arm-linux-androideabi-gcc object
configure:5465: /home/indal.choi/bin/android-ndk-r7/toolchains/arm-linux-androideabi-4.4.3/prebuilt/linux-x86/bin/arm-linux-androideabi-gcc -c --sysroot=/home/indal.choi/bin/android-ndk-r7/platforms/android-9/arch-arm -fvisibility=default --sysroot=/home/indal.choi/bin/android-ndk-r7/platforms/android-9/arch-arm -fvisibility=default conftest.c >&5
configure:5468: $? = 0
configure:5472: nm conftest.o \| sed -n -e 's/^.*[ ]\([ABCDGIRSTW][ABCDGIRSTW]*\)[ ][ ]*\([_A-Za-z][_A-Za-z0-9]*\)$/\1 \2 \2/p' | sed '/ __gnu_lto/d' \> conftest.nm
configure:5475: $? = 0
configure:5541: /home/indal.choi/bin/android-ndk-r7/toolchains/arm-linux-androideabi-4.4.3/prebuilt/linux-x86/bin/arm-linux-androideabi-gcc -o conftest --sysroot=/home/indal.choi/bin/android-ndk-r7/platforms/android-9/arch-arm -fvisibility=default --sysroot=/home/indal.choi/bin/android-ndk-r7/platforms/android-9/arch-arm -fvisibility=default  conftest.c conftstm.o >&5
configure:5544: $? = 0
configure:5582: result: ok
configure:5619: checking for sysroot
configure:5649: result: no
configure:5852: checking for armv7-unknown-linux-mt
configure:5882: result: no
configure:5892: checking for mt
configure:5908: found /bin/mt
configure:5919: result: mt
configure:5942: checking if mt is a manifest tool
configure:5948: mt '-?'
configure:5956: result: no
configure:6588: checking how to run the C preprocessor
configure:6619: /home/indal.choi/bin/android-ndk-r7/toolchains/arm-linux-androideabi-4.4.3/prebuilt/linux-x86/bin/arm-linux-androideabi-gcc -E --sysroot=/home/indal.choi/bin/android-ndk-r7/platforms/android-9/arch-arm -fvisibility=default conftest.c
configure:6619: $? = 0
configure:6633: /home/indal.choi/bin/android-ndk-r7/toolchains/arm-linux-androideabi-4.4.3/prebuilt/linux-x86/bin/arm-linux-androideabi-gcc -E --sysroot=/home/indal.choi/bin/android-ndk-r7/platforms/android-9/arch-arm -fvisibility=default conftest.c
conftest.c:9:28: error: ac_nonexistent.h: No such file or directory
configure:6633: $? = 1
configure: failed program was:
| /* confdefs.h */
| #define PACKAGE_NAME "ltrace"
| #define PACKAGE_TARNAME "ltrace"
| #define PACKAGE_VERSION "0.6.0"
| #define PACKAGE_STRING "ltrace 0.6.0"
| #define PACKAGE_BUGREPORT "ltrace-devel@lists.alioth.debian.org"
| #define PACKAGE_URL ""
| /* end confdefs.h.  */
| #include <ac_nonexistent.h>
configure:6658: result: /home/indal.choi/bin/android-ndk-r7/toolchains/arm-linux-androideabi-4.4.3/prebuilt/linux-x86/bin/arm-linux-androideabi-gcc -E
configure:6678: /home/indal.choi/bin/android-ndk-r7/toolchains/arm-linux-androideabi-4.4.3/prebuilt/linux-x86/bin/arm-linux-androideabi-gcc -E --sysroot=/home/indal.choi/bin/android-ndk-r7/platforms/android-9/arch-arm -fvisibility=default conftest.c
configure:6678: $? = 0
configure:6692: /home/indal.choi/bin/android-ndk-r7/toolchains/arm-linux-androideabi-4.4.3/prebuilt/linux-x86/bin/arm-linux-androideabi-gcc -E --sysroot=/home/indal.choi/bin/android-ndk-r7/platforms/android-9/arch-arm -fvisibility=default conftest.c
conftest.c:9:28: error: ac_nonexistent.h: No such file or directory
configure:6692: $? = 1
configure: failed program was:
| /* confdefs.h */
| #define PACKAGE_NAME "ltrace"
| #define PACKAGE_TARNAME "ltrace"
| #define PACKAGE_VERSION "0.6.0"
| #define PACKAGE_STRING "ltrace 0.6.0"
| #define PACKAGE_BUGREPORT "ltrace-devel@lists.alioth.debian.org"
| #define PACKAGE_URL ""
| /* end confdefs.h.  */
| #include <ac_nonexistent.h>
configure:6721: checking for ANSI C header files
configure:6741: /home/indal.choi/bin/android-ndk-r7/toolchains/arm-linux-androideabi-4.4.3/prebuilt/linux-x86/bin/arm-linux-androideabi-gcc -c --sysroot=/home/indal.choi/bin/android-ndk-r7/platforms/android-9/arch-arm -fvisibility=default --sysroot=/home/indal.choi/bin/android-ndk-r7/platforms/android-9/arch-arm -fvisibility=default conftest.c >&5
configure:6741: $? = 0
configure:6825: result: yes
configure:6838: checking for sys/types.h
configure:6838: /home/indal.choi/bin/android-ndk-r7/toolchains/arm-linux-androideabi-4.4.3/prebuilt/linux-x86/bin/arm-linux-androideabi-gcc -c --sysroot=/home/indal.choi/bin/android-ndk-r7/platforms/android-9/arch-arm -fvisibility=default --sysroot=/home/indal.choi/bin/android-ndk-r7/platforms/android-9/arch-arm -fvisibility=default conftest.c >&5
configure:6838: $? = 0
configure:6838: result: yes
configure:6838: checking for sys/stat.h
configure:6838: /home/indal.choi/bin/android-ndk-r7/toolchains/arm-linux-androideabi-4.4.3/prebuilt/linux-x86/bin/arm-linux-androideabi-gcc -c --sysroot=/home/indal.choi/bin/android-ndk-r7/platforms/android-9/arch-arm -fvisibility=default --sysroot=/home/indal.choi/bin/android-ndk-r7/platforms/android-9/arch-arm -fvisibility=default conftest.c >&5
configure:6838: $? = 0
configure:6838: result: yes
configure:6838: checking for stdlib.h
configure:6838: /home/indal.choi/bin/android-ndk-r7/toolchains/arm-linux-androideabi-4.4.3/prebuilt/linux-x86/bin/arm-linux-androideabi-gcc -c --sysroot=/home/indal.choi/bin/android-ndk-r7/platforms/android-9/arch-arm -fvisibility=default --sysroot=/home/indal.choi/bin/android-ndk-r7/platforms/android-9/arch-arm -fvisibility=default conftest.c >&5
configure:6838: $? = 0
configure:6838: result: yes
configure:6838: checking for string.h
configure:6838: /home/indal.choi/bin/android-ndk-r7/toolchains/arm-linux-androideabi-4.4.3/prebuilt/linux-x86/bin/arm-linux-androideabi-gcc -c --sysroot=/home/indal.choi/bin/android-ndk-r7/platforms/android-9/arch-arm -fvisibility=default --sysroot=/home/indal.choi/bin/android-ndk-r7/platforms/android-9/arch-arm -fvisibility=default conftest.c >&5
configure:6838: $? = 0
configure:6838: result: yes
configure:6838: checking for memory.h
configure:6838: /home/indal.choi/bin/android-ndk-r7/toolchains/arm-linux-androideabi-4.4.3/prebuilt/linux-x86/bin/arm-linux-androideabi-gcc -c --sysroot=/home/indal.choi/bin/android-ndk-r7/platforms/android-9/arch-arm -fvisibility=default --sysroot=/home/indal.choi/bin/android-ndk-r7/platforms/android-9/arch-arm -fvisibility=default conftest.c >&5
configure:6838: $? = 0
configure:6838: result: yes
configure:6838: checking for strings.h
configure:6838: /home/indal.choi/bin/android-ndk-r7/toolchains/arm-linux-androideabi-4.4.3/prebuilt/linux-x86/bin/arm-linux-androideabi-gcc -c --sysroot=/home/indal.choi/bin/android-ndk-r7/platforms/android-9/arch-arm -fvisibility=default --sysroot=/home/indal.choi/bin/android-ndk-r7/platforms/android-9/arch-arm -fvisibility=default conftest.c >&5
configure:6838: $? = 0
configure:6838: result: yes
configure:6838: checking for inttypes.h
configure:6838: /home/indal.choi/bin/android-ndk-r7/toolchains/arm-linux-androideabi-4.4.3/prebuilt/linux-x86/bin/arm-linux-androideabi-gcc -c --sysroot=/home/indal.choi/bin/android-ndk-r7/platforms/android-9/arch-arm -fvisibility=default --sysroot=/home/indal.choi/bin/android-ndk-r7/platforms/android-9/arch-arm -fvisibility=default conftest.c >&5
configure:6838: $? = 0
configure:6838: result: yes
configure:6838: checking for stdint.h
configure:6838: /home/indal.choi/bin/android-ndk-r7/toolchains/arm-linux-androideabi-4.4.3/prebuilt/linux-x86/bin/arm-linux-androideabi-gcc -c --sysroot=/home/indal.choi/bin/android-ndk-r7/platforms/android-9/arch-arm -fvisibility=default --sysroot=/home/indal.choi/bin/android-ndk-r7/platforms/android-9/arch-arm -fvisibility=default conftest.c >&5
configure:6838: $? = 0
configure:6838: result: yes
configure:6838: checking for unistd.h
configure:6838: /home/indal.choi/bin/android-ndk-r7/toolchains/arm-linux-androideabi-4.4.3/prebuilt/linux-x86/bin/arm-linux-androideabi-gcc -c --sysroot=/home/indal.choi/bin/android-ndk-r7/platforms/android-9/arch-arm -fvisibility=default --sysroot=/home/indal.choi/bin/android-ndk-r7/platforms/android-9/arch-arm -fvisibility=default conftest.c >&5
configure:6838: $? = 0
configure:6838: result: yes
configure:6852: checking for dlfcn.h
configure:6852: /home/indal.choi/bin/android-ndk-r7/toolchains/arm-linux-androideabi-4.4.3/prebuilt/linux-x86/bin/arm-linux-androideabi-gcc -c --sysroot=/home/indal.choi/bin/android-ndk-r7/platforms/android-9/arch-arm -fvisibility=default --sysroot=/home/indal.choi/bin/android-ndk-r7/platforms/android-9/arch-arm -fvisibility=default conftest.c >&5
configure:6852: $? = 0
configure:6852: result: yes
configure:7039: checking for objdir
configure:7054: result: .libs
configure:7321: checking if /home/indal.choi/bin/android-ndk-r7/toolchains/arm-linux-androideabi-4.4.3/prebuilt/linux-x86/bin/arm-linux-androideabi-gcc supports -fno-rtti -fno-exceptions
configure:7339: /home/indal.choi/bin/android-ndk-r7/toolchains/arm-linux-androideabi-4.4.3/prebuilt/linux-x86/bin/arm-linux-androideabi-gcc -c --sysroot=/home/indal.choi/bin/android-ndk-r7/platforms/android-9/arch-arm -fvisibility=default --sysroot=/home/indal.choi/bin/android-ndk-r7/platforms/android-9/arch-arm -fvisibility=default -fno-rtti -fno-exceptions conftest.c >&5
cc1: warning: command line option "-fno-rtti" is valid for C++/ObjC++ but not for C
configure:7343: $? = 0
configure:7356: result: no
configure:7666: checking for /home/indal.choi/bin/android-ndk-r7/toolchains/arm-linux-androideabi-4.4.3/prebuilt/linux-x86/bin/arm-linux-androideabi-gcc option to produce PIC
configure:7673: result: -fPIC -DPIC
configure:7681: checking if /home/indal.choi/bin/android-ndk-r7/toolchains/arm-linux-androideabi-4.4.3/prebuilt/linux-x86/bin/arm-linux-androideabi-gcc PIC flag -fPIC -DPIC works
configure:7699: /home/indal.choi/bin/android-ndk-r7/toolchains/arm-linux-androideabi-4.4.3/prebuilt/linux-x86/bin/arm-linux-androideabi-gcc -c --sysroot=/home/indal.choi/bin/android-ndk-r7/platforms/android-9/arch-arm -fvisibility=default --sysroot=/home/indal.choi/bin/android-ndk-r7/platforms/android-9/arch-arm -fvisibility=default -fPIC -DPIC -DPIC conftest.c >&5
configure:7703: $? = 0
configure:7716: result: yes
configure:7745: checking if /home/indal.choi/bin/android-ndk-r7/toolchains/arm-linux-androideabi-4.4.3/prebuilt/linux-x86/bin/arm-linux-androideabi-gcc static flag -static works
configure:7773: result: yes
configure:7788: checking if /home/indal.choi/bin/android-ndk-r7/toolchains/arm-linux-androideabi-4.4.3/prebuilt/linux-x86/bin/arm-linux-androideabi-gcc supports -c -o file.o
configure:7809: /home/indal.choi/bin/android-ndk-r7/toolchains/arm-linux-androideabi-4.4.3/prebuilt/linux-x86/bin/arm-linux-androideabi-gcc -c --sysroot=/home/indal.choi/bin/android-ndk-r7/platforms/android-9/arch-arm -fvisibility=default --sysroot=/home/indal.choi/bin/android-ndk-r7/platforms/android-9/arch-arm -fvisibility=default -o out/conftest2.o conftest.c >&5
configure:7813: $? = 0
configure:7835: result: yes
configure:7843: checking if /home/indal.choi/bin/android-ndk-r7/toolchains/arm-linux-androideabi-4.4.3/prebuilt/linux-x86/bin/arm-linux-androideabi-gcc supports -c -o file.o
configure:7890: result: yes
configure:7923: checking whether the /home/indal.choi/bin/android-ndk-r7/toolchains/arm-linux-androideabi-4.4.3/prebuilt/linux-x86/bin/arm-linux-androideabi-gcc linker (/home/indal.choi/bin/android-ndk-r7/toolchains/arm-linux-androideabi-4.4.3/prebuilt/linux-x86/bin/arm-linux-androideabi-ld) supports shared libraries
configure:9085: result: yes
configure:9122: checking whether -lc should be explicitly linked in
configure:9130: /home/indal.choi/bin/android-ndk-r7/toolchains/arm-linux-androideabi-4.4.3/prebuilt/linux-x86/bin/arm-linux-androideabi-gcc -c --sysroot=/home/indal.choi/bin/android-ndk-r7/platforms/android-9/arch-arm -fvisibility=default --sysroot=/home/indal.choi/bin/android-ndk-r7/platforms/android-9/arch-arm -fvisibility=default conftest.c >&5
configure:9133: $? = 0
configure:9148: /home/indal.choi/bin/android-ndk-r7/toolchains/arm-linux-androideabi-4.4.3/prebuilt/linux-x86/bin/arm-linux-androideabi-gcc -shared  -fPIC -DPIC conftest.o  -v -Wl,-soname -Wl,conftest -o conftest 2\>\&1 \| /bin/grep  -lc  \>/dev/null 2\>\&1
configure:9151: $? = 0
configure:9165: result: no
configure:9330: checking dynamic linker characteristics
configure:9845: /home/indal.choi/bin/android-ndk-r7/toolchains/arm-linux-androideabi-4.4.3/prebuilt/linux-x86/bin/arm-linux-androideabi-gcc -o conftest --sysroot=/home/indal.choi/bin/android-ndk-r7/platforms/android-9/arch-arm -fvisibility=default --sysroot=/home/indal.choi/bin/android-ndk-r7/platforms/android-9/arch-arm -fvisibility=default  -Wl,-rpath -Wl,/foo conftest.c  >&5
configure:9845: $? = 0
configure:10079: result: GNU/Linux ld.so
configure:10186: checking how to hardcode library paths into programs
configure:10211: result: immediate
configure:10751: checking whether stripping libraries is possible
configure:10756: result: yes
configure:10791: checking if libtool supports shared libraries
configure:10793: result: yes
configure:10796: checking whether to build shared libraries
configure:10817: result: yes
configure:10820: checking whether to build static libraries
configure:10824: result: yes
configure:10876: checking for a BSD-compatible install
configure:10944: result: /usr/bin/install -c
configure:10955: checking whether build environment is sane
configure:11005: result: yes
configure:11054: checking for armv7-unknown-linux-strip
configure:11081: result: strip
configure:11146: checking for a thread-safe mkdir -p
configure:11185: result: /bin/mkdir -p
configure:11194: checking whether make sets $(MAKE)
configure:11216: result: yes
configure:11246: checking for style of include used by make
configure:11274: result: GNU
configure:11359: checking dependency style of /home/indal.choi/bin/android-ndk-r7/toolchains/arm-linux-androideabi-4.4.3/prebuilt/linux-x86/bin/arm-linux-androideabi-gcc
configure:11469: result: gcc3
configure:11486: checking whether to enable maintainer-specific portions of Makefiles
configure:11495: result: no
configure:11538: checking elf.h usability
configure:11538: /home/indal.choi/bin/android-ndk-r7/toolchains/arm-linux-androideabi-4.4.3/prebuilt/linux-x86/bin/arm-linux-androideabi-gcc -c --sysroot=/home/indal.choi/bin/android-ndk-r7/platforms/android-9/arch-arm -fvisibility=default --sysroot=/home/indal.choi/bin/android-ndk-r7/platforms/android-9/arch-arm -fvisibility=default  conftest.c >&5
configure:11538: $? = 0
configure:11538: result: yes
configure:11538: checking elf.h presence
configure:11538: /home/indal.choi/bin/android-ndk-r7/toolchains/arm-linux-androideabi-4.4.3/prebuilt/linux-x86/bin/arm-linux-androideabi-gcc -E --sysroot=/home/indal.choi/bin/android-ndk-r7/platforms/android-9/arch-arm -fvisibility=default  conftest.c
configure:11538: $? = 0
configure:11538: result: yes
configure:11538: checking for elf.h
configure:11538: result: yes
configure:11538: checking gelf.h usability
configure:11538: /home/indal.choi/bin/android-ndk-r7/toolchains/arm-linux-androideabi-4.4.3/prebuilt/linux-x86/bin/arm-linux-androideabi-gcc -c --sysroot=/home/indal.choi/bin/android-ndk-r7/platforms/android-9/arch-arm -fvisibility=default --sysroot=/home/indal.choi/bin/android-ndk-r7/platforms/android-9/arch-arm -fvisibility=default  conftest.c >&5
configure:11538: $? = 0
configure:11538: result: yes
configure:11538: checking gelf.h presence
configure:11538: /home/indal.choi/bin/android-ndk-r7/toolchains/arm-linux-androideabi-4.4.3/prebuilt/linux-x86/bin/arm-linux-androideabi-gcc -E --sysroot=/home/indal.choi/bin/android-ndk-r7/platforms/android-9/arch-arm -fvisibility=default  conftest.c
configure:11538: $? = 0
configure:11538: result: yes
configure:11538: checking for gelf.h
configure:11538: result: yes
configure:11551: checking for elf_begin in -lelf
configure:11576: /home/indal.choi/bin/android-ndk-r7/toolchains/arm-linux-androideabi-4.4.3/prebuilt/linux-x86/bin/arm-linux-androideabi-gcc -o conftest --sysroot=/home/indal.choi/bin/android-ndk-r7/platforms/android-9/arch-arm -fvisibility=default --sysroot=/home/indal.choi/bin/android-ndk-r7/platforms/android-9/arch-arm -fvisibility=default    conftest.c -lelf   >&5
configure:11576: $? = 0
configure:11585: result: yes
configure:11604: checking for cplus_demangle in -liberty
configure:11629: /home/indal.choi/bin/android-ndk-r7/toolchains/arm-linux-androideabi-4.4.3/prebuilt/linux-x86/bin/arm-linux-androideabi-gcc -o conftest --sysroot=/home/indal.choi/bin/android-ndk-r7/platforms/android-9/arch-arm -fvisibility=default --sysroot=/home/indal.choi/bin/android-ndk-r7/platforms/android-9/arch-arm -fvisibility=default  conftest.c -liberty  -lelf  >&5
/home/indal.choi/bin/android-ndk-r7/toolchains/arm-linux-androideabi-4.4.3/prebuilt/linux-x86/bin/../lib/gcc/arm-linux-androideabi/4.4.3/../../../../arm-linux-androideabi/bin/ld: cannot find -liberty
collect2: ld returned 1 exit status
configure:11629: $? = 1
configure: failed program was:
| /* confdefs.h */
| #define PACKAGE_NAME "ltrace"
| #define PACKAGE_TARNAME "ltrace"
| #define PACKAGE_VERSION "0.6.0"
| #define PACKAGE_STRING "ltrace 0.6.0"
| #define PACKAGE_BUGREPORT "ltrace-devel@lists.alioth.debian.org"
| #define PACKAGE_URL ""
| #define STDC_HEADERS 1
| #define HAVE_SYS_TYPES_H 1
| #define HAVE_SYS_STAT_H 1
| #define HAVE_STDLIB_H 1
| #define HAVE_STRING_H 1
| #define HAVE_MEMORY_H 1
| #define HAVE_STRINGS_H 1
| #define HAVE_INTTYPES_H 1
| #define HAVE_STDINT_H 1
| #define HAVE_UNISTD_H 1
| #define HAVE_DLFCN_H 1
| #define LT_OBJDIR ".libs/"
| #define PACKAGE "ltrace"
| #define VERSION "0.6.0"
| #define HAVE_ELF_H 1
| #define HAVE_GELF_H 1
| #define HAVE_LIBELF 1
| /* end confdefs.h.  */
| 
| /* Override any GCC internal prototype to avoid an error.
|    Use char because int might match the return type of a GCC
|    builtin and then its argument prototype would still apply.  */
| #ifdef __cplusplus
| extern "C"
| #endif
| char cplus_demangle ();
| int
| main ()
| {
| return cplus_demangle ();
|   ;
|   return 0;
| }
configure:11638: result: no
configure:11655: checking for __cxa_demangle in -lsupc++
configure:11680: /home/indal.choi/bin/android-ndk-r7/toolchains/arm-linux-androideabi-4.4.3/prebuilt/linux-x86/bin/arm-linux-androideabi-gcc -o conftest --sysroot=/home/indal.choi/bin/android-ndk-r7/platforms/android-9/arch-arm -fvisibility=default --sysroot=/home/indal.choi/bin/android-ndk-r7/platforms/android-9/arch-arm -fvisibility=default  conftest.c -lsupc++  -lelf  >&5
/home/indal.choi/bin/android-ndk-r7/toolchains/arm-linux-androideabi-4.4.3/prebuilt/linux-x86/bin/../lib/gcc/arm-linux-androideabi/4.4.3/../../../../arm-linux-androideabi/bin/ld: cannot find -lsupc++
collect2: ld returned 1 exit status
configure:11680: $? = 1
configure: failed program was:
| /* confdefs.h */
| #define PACKAGE_NAME "ltrace"
| #define PACKAGE_TARNAME "ltrace"
| #define PACKAGE_VERSION "0.6.0"
| #define PACKAGE_STRING "ltrace 0.6.0"
| #define PACKAGE_BUGREPORT "ltrace-devel@lists.alioth.debian.org"
| #define PACKAGE_URL ""
| #define STDC_HEADERS 1
| #define HAVE_SYS_TYPES_H 1
| #define HAVE_SYS_STAT_H 1
| #define HAVE_STDLIB_H 1
| #define HAVE_STRING_H 1
| #define HAVE_MEMORY_H 1
| #define HAVE_STRINGS_H 1
| #define HAVE_INTTYPES_H 1
| #define HAVE_STDINT_H 1
| #define HAVE_UNISTD_H 1
| #define HAVE_DLFCN_H 1
| #define LT_OBJDIR ".libs/"
| #define PACKAGE "ltrace"
| #define VERSION "0.6.0"
| #define HAVE_ELF_H 1
| #define HAVE_GELF_H 1
| #define HAVE_LIBELF 1
| /* end confdefs.h.  */
| 
| /* Override any GCC internal prototype to avoid an error.
|    Use char because int might match the return type of a GCC
|    builtin and then its argument prototype would still apply.  */
| #ifdef __cplusplus
| extern "C"
| #endif
| char __cxa_demangle ();
| int
| main ()
| {
| return __cxa_demangle ();
|   ;
|   return 0;
| }
configure:11689: result: no
configure:11726: checking libunwind.h usability
configure:11726: /home/indal.choi/bin/android-ndk-r7/toolchains/arm-linux-androideabi-4.4.3/prebuilt/linux-x86/bin/arm-linux-androideabi-gcc -c --sysroot=/home/indal.choi/bin/android-ndk-r7/platforms/android-9/arch-arm -fvisibility=default --sysroot=/home/indal.choi/bin/android-ndk-r7/platforms/android-9/arch-arm -fvisibility=default  conftest.c >&5
conftest.c:59:23: error: libunwind.h: No such file or directory
configure:11726: $? = 1
configure: failed program was:
| /* confdefs.h */
| #define PACKAGE_NAME "ltrace"
| #define PACKAGE_TARNAME "ltrace"
| #define PACKAGE_VERSION "0.6.0"
| #define PACKAGE_STRING "ltrace 0.6.0"
| #define PACKAGE_BUGREPORT "ltrace-devel@lists.alioth.debian.org"
| #define PACKAGE_URL ""
| #define STDC_HEADERS 1
| #define HAVE_SYS_TYPES_H 1
| #define HAVE_SYS_STAT_H 1
| #define HAVE_STDLIB_H 1
| #define HAVE_STRING_H 1
| #define HAVE_MEMORY_H 1
| #define HAVE_STRINGS_H 1
| #define HAVE_INTTYPES_H 1
| #define HAVE_STDINT_H 1
| #define HAVE_UNISTD_H 1
| #define HAVE_DLFCN_H 1
| #define LT_OBJDIR ".libs/"
| #define PACKAGE "ltrace"
| #define VERSION "0.6.0"
| #define HAVE_ELF_H 1
| #define HAVE_GELF_H 1
| #define HAVE_LIBELF 1
| /* end confdefs.h.  */
| #include <stdio.h>
| #ifdef HAVE_SYS_TYPES_H
| # include <sys/types.h>
| #endif
| #ifdef HAVE_SYS_STAT_H
| # include <sys/stat.h>
| #endif
| #ifdef STDC_HEADERS
| # include <stdlib.h>
| # include <stddef.h>
| #else
| # ifdef HAVE_STDLIB_H
| #  include <stdlib.h>
| # endif
| #endif
| #ifdef HAVE_STRING_H
| # if !defined STDC_HEADERS && defined HAVE_MEMORY_H
| #  include <memory.h>
| # endif
| # include <string.h>
| #endif
| #ifdef HAVE_STRINGS_H
| # include <strings.h>
| #endif
| #ifdef HAVE_INTTYPES_H
| # include <inttypes.h>
| #endif
| #ifdef HAVE_STDINT_H
| # include <stdint.h>
| #endif
| #ifdef HAVE_UNISTD_H
| # include <unistd.h>
| #endif
| #include <libunwind.h>
configure:11726: result: no
configure:11726: checking libunwind.h presence
configure:11726: /home/indal.choi/bin/android-ndk-r7/toolchains/arm-linux-androideabi-4.4.3/prebuilt/linux-x86/bin/arm-linux-androideabi-gcc -E --sysroot=/home/indal.choi/bin/android-ndk-r7/platforms/android-9/arch-arm -fvisibility=default  conftest.c
conftest.c:26:23: error: libunwind.h: No such file or directory
configure:11726: $? = 1
configure: failed program was:
| /* confdefs.h */
| #define PACKAGE_NAME "ltrace"
| #define PACKAGE_TARNAME "ltrace"
| #define PACKAGE_VERSION "0.6.0"
| #define PACKAGE_STRING "ltrace 0.6.0"
| #define PACKAGE_BUGREPORT "ltrace-devel@lists.alioth.debian.org"
| #define PACKAGE_URL ""
| #define STDC_HEADERS 1
| #define HAVE_SYS_TYPES_H 1
| #define HAVE_SYS_STAT_H 1
| #define HAVE_STDLIB_H 1
| #define HAVE_STRING_H 1
| #define HAVE_MEMORY_H 1
| #define HAVE_STRINGS_H 1
| #define HAVE_INTTYPES_H 1
| #define HAVE_STDINT_H 1
| #define HAVE_UNISTD_H 1
| #define HAVE_DLFCN_H 1
| #define LT_OBJDIR ".libs/"
| #define PACKAGE "ltrace"
| #define VERSION "0.6.0"
| #define HAVE_ELF_H 1
| #define HAVE_GELF_H 1
| #define HAVE_LIBELF 1
| /* end confdefs.h.  */
| #include <libunwind.h>
configure:11726: result: no
configure:11726: checking for libunwind.h
configure:11726: result: no
configure:11738: checking libunwind-ptrace.h usability
configure:11738: /home/indal.choi/bin/android-ndk-r7/toolchains/arm-linux-androideabi-4.4.3/prebuilt/linux-x86/bin/arm-linux-androideabi-gcc -c --sysroot=/home/indal.choi/bin/android-ndk-r7/platforms/android-9/arch-arm -fvisibility=default --sysroot=/home/indal.choi/bin/android-ndk-r7/platforms/android-9/arch-arm -fvisibility=default  conftest.c >&5
conftest.c:59:30: error: libunwind-ptrace.h: No such file or directory
configure:11738: $? = 1
configure: failed program was:
| /* confdefs.h */
| #define PACKAGE_NAME "ltrace"
| #define PACKAGE_TARNAME "ltrace"
| #define PACKAGE_VERSION "0.6.0"
| #define PACKAGE_STRING "ltrace 0.6.0"
| #define PACKAGE_BUGREPORT "ltrace-devel@lists.alioth.debian.org"
| #define PACKAGE_URL ""
| #define STDC_HEADERS 1
| #define HAVE_SYS_TYPES_H 1
| #define HAVE_SYS_STAT_H 1
| #define HAVE_STDLIB_H 1
| #define HAVE_STRING_H 1
| #define HAVE_MEMORY_H 1
| #define HAVE_STRINGS_H 1
| #define HAVE_INTTYPES_H 1
| #define HAVE_STDINT_H 1
| #define HAVE_UNISTD_H 1
| #define HAVE_DLFCN_H 1
| #define LT_OBJDIR ".libs/"
| #define PACKAGE "ltrace"
| #define VERSION "0.6.0"
| #define HAVE_ELF_H 1
| #define HAVE_GELF_H 1
| #define HAVE_LIBELF 1
| /* end confdefs.h.  */
| #include <stdio.h>
| #ifdef HAVE_SYS_TYPES_H
| # include <sys/types.h>
| #endif
| #ifdef HAVE_SYS_STAT_H
| # include <sys/stat.h>
| #endif
| #ifdef STDC_HEADERS
| # include <stdlib.h>
| # include <stddef.h>
| #else
| # ifdef HAVE_STDLIB_H
| #  include <stdlib.h>
| # endif
| #endif
| #ifdef HAVE_STRING_H
| # if !defined STDC_HEADERS && defined HAVE_MEMORY_H
| #  include <memory.h>
| # endif
| # include <string.h>
| #endif
| #ifdef HAVE_STRINGS_H
| # include <strings.h>
| #endif
| #ifdef HAVE_INTTYPES_H
| # include <inttypes.h>
| #endif
| #ifdef HAVE_STDINT_H
| # include <stdint.h>
| #endif
| #ifdef HAVE_UNISTD_H
| # include <unistd.h>
| #endif
| #include <libunwind-ptrace.h>
configure:11738: result: no
configure:11738: checking libunwind-ptrace.h presence
configure:11738: /home/indal.choi/bin/android-ndk-r7/toolchains/arm-linux-androideabi-4.4.3/prebuilt/linux-x86/bin/arm-linux-androideabi-gcc -E --sysroot=/home/indal.choi/bin/android-ndk-r7/platforms/android-9/arch-arm -fvisibility=default  conftest.c
conftest.c:26:30: error: libunwind-ptrace.h: No such file or directory
configure:11738: $? = 1
configure: failed program was:
| /* confdefs.h */
| #define PACKAGE_NAME "ltrace"
| #define PACKAGE_TARNAME "ltrace"
| #define PACKAGE_VERSION "0.6.0"
| #define PACKAGE_STRING "ltrace 0.6.0"
| #define PACKAGE_BUGREPORT "ltrace-devel@lists.alioth.debian.org"
| #define PACKAGE_URL ""
| #define STDC_HEADERS 1
| #define HAVE_SYS_TYPES_H 1
| #define HAVE_SYS_STAT_H 1
| #define HAVE_STDLIB_H 1
| #define HAVE_STRING_H 1
| #define HAVE_MEMORY_H 1
| #define HAVE_STRINGS_H 1
| #define HAVE_INTTYPES_H 1
| #define HAVE_STDINT_H 1
| #define HAVE_UNISTD_H 1
| #define HAVE_DLFCN_H 1
| #define LT_OBJDIR ".libs/"
| #define PACKAGE "ltrace"
| #define VERSION "0.6.0"
| #define HAVE_ELF_H 1
| #define HAVE_GELF_H 1
| #define HAVE_LIBELF 1
| /* end confdefs.h.  */
| #include <libunwind-ptrace.h>
configure:11738: result: no
configure:11738: checking for libunwind-ptrace.h
configure:11738: result: no
configure:11750: checking whether to use libunwind support
configure:11766: result: no
configure:11925: checking whether elf_begin accepts ELF_C_READ_MMAP
configure:11943: /home/indal.choi/bin/android-ndk-r7/toolchains/arm-linux-androideabi-4.4.3/prebuilt/linux-x86/bin/arm-linux-androideabi-gcc -c --sysroot=/home/indal.choi/bin/android-ndk-r7/platforms/android-9/arch-arm -fvisibility=default --sysroot=/home/indal.choi/bin/android-ndk-r7/platforms/android-9/arch-arm -fvisibility=default  conftest.c >&5
configure:11943: $? = 0
configure:11948: result: yes
configure:11959: checking whether elf_hash takes a signed char string
configure:11974: /home/indal.choi/bin/android-ndk-r7/toolchains/arm-linux-androideabi-4.4.3/prebuilt/linux-x86/bin/arm-linux-androideabi-gcc -c --sysroot=/home/indal.choi/bin/android-ndk-r7/platforms/android-9/arch-arm -fvisibility=default -Wall -Werror --sysroot=/home/indal.choi/bin/android-ndk-r7/platforms/android-9/arch-arm -fvisibility=default  conftest.c >&5
configure:11974: $? = 0
configure:11978: result: yes
configure:12012: checking fcntl.h usability
configure:12012: /home/indal.choi/bin/android-ndk-r7/toolchains/arm-linux-androideabi-4.4.3/prebuilt/linux-x86/bin/arm-linux-androideabi-gcc -c --sysroot=/home/indal.choi/bin/android-ndk-r7/platforms/android-9/arch-arm -fvisibility=default --sysroot=/home/indal.choi/bin/android-ndk-r7/platforms/android-9/arch-arm -fvisibility=default conftest.c >&5
configure:12012: $? = 0
configure:12012: result: yes
configure:12012: checking fcntl.h presence
configure:12012: /home/indal.choi/bin/android-ndk-r7/toolchains/arm-linux-androideabi-4.4.3/prebuilt/linux-x86/bin/arm-linux-androideabi-gcc -E --sysroot=/home/indal.choi/bin/android-ndk-r7/platforms/android-9/arch-arm -fvisibility=default conftest.c
configure:12012: $? = 0
configure:12012: result: yes
configure:12012: checking for fcntl.h
configure:12012: result: yes
configure:12012: checking limits.h usability
configure:12012: /home/indal.choi/bin/android-ndk-r7/toolchains/arm-linux-androideabi-4.4.3/prebuilt/linux-x86/bin/arm-linux-androideabi-gcc -c --sysroot=/home/indal.choi/bin/android-ndk-r7/platforms/android-9/arch-arm -fvisibility=default --sysroot=/home/indal.choi/bin/android-ndk-r7/platforms/android-9/arch-arm -fvisibility=default conftest.c >&5
configure:12012: $? = 0
configure:12012: result: yes
configure:12012: checking limits.h presence
configure:12012: /home/indal.choi/bin/android-ndk-r7/toolchains/arm-linux-androideabi-4.4.3/prebuilt/linux-x86/bin/arm-linux-androideabi-gcc -E --sysroot=/home/indal.choi/bin/android-ndk-r7/platforms/android-9/arch-arm -fvisibility=default conftest.c
configure:12012: $? = 0
configure:12012: result: yes
configure:12012: checking for limits.h
configure:12012: result: yes
configure:12012: checking stddef.h usability
configure:12012: /home/indal.choi/bin/android-ndk-r7/toolchains/arm-linux-androideabi-4.4.3/prebuilt/linux-x86/bin/arm-linux-androideabi-gcc -c --sysroot=/home/indal.choi/bin/android-ndk-r7/platforms/android-9/arch-arm -fvisibility=default --sysroot=/home/indal.choi/bin/android-ndk-r7/platforms/android-9/arch-arm -fvisibility=default conftest.c >&5
configure:12012: $? = 0
configure:12012: result: yes
configure:12012: checking stddef.h presence
configure:12012: /home/indal.choi/bin/android-ndk-r7/toolchains/arm-linux-androideabi-4.4.3/prebuilt/linux-x86/bin/arm-linux-androideabi-gcc -E --sysroot=/home/indal.choi/bin/android-ndk-r7/platforms/android-9/arch-arm -fvisibility=default conftest.c
configure:12012: $? = 0
configure:12012: result: yes
configure:12012: checking for stddef.h
configure:12012: result: yes
configure:12012: checking for stdint.h
configure:12012: result: yes
configure:12012: checking for stdlib.h
configure:12012: result: yes
configure:12012: checking for string.h
configure:12012: result: yes
configure:12012: checking sys/ioctl.h usability
configure:12012: /home/indal.choi/bin/android-ndk-r7/toolchains/arm-linux-androideabi-4.4.3/prebuilt/linux-x86/bin/arm-linux-androideabi-gcc -c --sysroot=/home/indal.choi/bin/android-ndk-r7/platforms/android-9/arch-arm -fvisibility=default --sysroot=/home/indal.choi/bin/android-ndk-r7/platforms/android-9/arch-arm -fvisibility=default conftest.c >&5
configure:12012: $? = 0
configure:12012: result: yes
configure:12012: checking sys/ioctl.h presence
configure:12012: /home/indal.choi/bin/android-ndk-r7/toolchains/arm-linux-androideabi-4.4.3/prebuilt/linux-x86/bin/arm-linux-androideabi-gcc -E --sysroot=/home/indal.choi/bin/android-ndk-r7/platforms/android-9/arch-arm -fvisibility=default conftest.c
configure:12012: $? = 0
configure:12012: result: yes
configure:12012: checking for sys/ioctl.h
configure:12012: result: yes
configure:12012: checking sys/param.h usability
configure:12012: /home/indal.choi/bin/android-ndk-r7/toolchains/arm-linux-androideabi-4.4.3/prebuilt/linux-x86/bin/arm-linux-androideabi-gcc -c --sysroot=/home/indal.choi/bin/android-ndk-r7/platforms/android-9/arch-arm -fvisibility=default --sysroot=/home/indal.choi/bin/android-ndk-r7/platforms/android-9/arch-arm -fvisibility=default conftest.c >&5
configure:12012: $? = 0
configure:12012: result: yes
configure:12012: checking sys/param.h presence
configure:12012: /home/indal.choi/bin/android-ndk-r7/toolchains/arm-linux-androideabi-4.4.3/prebuilt/linux-x86/bin/arm-linux-androideabi-gcc -E --sysroot=/home/indal.choi/bin/android-ndk-r7/platforms/android-9/arch-arm -fvisibility=default conftest.c
configure:12012: $? = 0
configure:12012: result: yes
configure:12012: checking for sys/param.h
configure:12012: result: yes
configure:12012: checking sys/time.h usability
configure:12012: /home/indal.choi/bin/android-ndk-r7/toolchains/arm-linux-androideabi-4.4.3/prebuilt/linux-x86/bin/arm-linux-androideabi-gcc -c --sysroot=/home/indal.choi/bin/android-ndk-r7/platforms/android-9/arch-arm -fvisibility=default --sysroot=/home/indal.choi/bin/android-ndk-r7/platforms/android-9/arch-arm -fvisibility=default conftest.c >&5
configure:12012: $? = 0
configure:12012: result: yes
configure:12012: checking sys/time.h presence
configure:12012: /home/indal.choi/bin/android-ndk-r7/toolchains/arm-linux-androideabi-4.4.3/prebuilt/linux-x86/bin/arm-linux-androideabi-gcc -E --sysroot=/home/indal.choi/bin/android-ndk-r7/platforms/android-9/arch-arm -fvisibility=default conftest.c
configure:12012: $? = 0
configure:12012: result: yes
configure:12012: checking for sys/time.h
configure:12012: result: yes
configure:12012: checking for unistd.h
configure:12012: result: yes
configure:12024: checking for uid_t in sys/types.h
configure:12043: result: yes
configure:12054: checking for inline
configure:12070: /home/indal.choi/bin/android-ndk-r7/toolchains/arm-linux-androideabi-4.4.3/prebuilt/linux-x86/bin/arm-linux-androideabi-gcc -c --sysroot=/home/indal.choi/bin/android-ndk-r7/platforms/android-9/arch-arm -fvisibility=default --sysroot=/home/indal.choi/bin/android-ndk-r7/platforms/android-9/arch-arm -fvisibility=default conftest.c >&5
configure:12070: $? = 0
configure:12078: result: inline
configure:12096: checking for pid_t
configure:12096: /home/indal.choi/bin/android-ndk-r7/toolchains/arm-linux-androideabi-4.4.3/prebuilt/linux-x86/bin/arm-linux-androideabi-gcc -c --sysroot=/home/indal.choi/bin/android-ndk-r7/platforms/android-9/arch-arm -fvisibility=default --sysroot=/home/indal.choi/bin/android-ndk-r7/platforms/android-9/arch-arm -fvisibility=default conftest.c >&5
configure:12096: $? = 0
configure:12096: /home/indal.choi/bin/android-ndk-r7/toolchains/arm-linux-androideabi-4.4.3/prebuilt/linux-x86/bin/arm-linux-androideabi-gcc -c --sysroot=/home/indal.choi/bin/android-ndk-r7/platforms/android-9/arch-arm -fvisibility=default --sysroot=/home/indal.choi/bin/android-ndk-r7/platforms/android-9/arch-arm -fvisibility=default conftest.c >&5
conftest.c: In function 'main':
conftest.c:74: error: expected expression before ')' token
configure:12096: $? = 1
configure: failed program was:
| /* confdefs.h */
| #define PACKAGE_NAME "ltrace"
| #define PACKAGE_TARNAME "ltrace"
| #define PACKAGE_VERSION "0.6.0"
| #define PACKAGE_STRING "ltrace 0.6.0"
| #define PACKAGE_BUGREPORT "ltrace-devel@lists.alioth.debian.org"
| #define PACKAGE_URL ""
| #define STDC_HEADERS 1
| #define HAVE_SYS_TYPES_H 1
| #define HAVE_SYS_STAT_H 1
| #define HAVE_STDLIB_H 1
| #define HAVE_STRING_H 1
| #define HAVE_MEMORY_H 1
| #define HAVE_STRINGS_H 1
| #define HAVE_INTTYPES_H 1
| #define HAVE_STDINT_H 1
| #define HAVE_UNISTD_H 1
| #define HAVE_DLFCN_H 1
| #define LT_OBJDIR ".libs/"
| #define PACKAGE "ltrace"
| #define VERSION "0.6.0"
| #define HAVE_ELF_H 1
| #define HAVE_GELF_H 1
| #define HAVE_LIBELF 1
| #define HAVE_ELF_C_READ_MMAP 1
| #define ELF_HASH_TAKES_SIGNED_CHAR 1
| #define HAVE_FCNTL_H 1
| #define HAVE_LIMITS_H 1
| #define HAVE_STDDEF_H 1
| #define HAVE_STDINT_H 1
| #define HAVE_STDLIB_H 1
| #define HAVE_STRING_H 1
| #define HAVE_SYS_IOCTL_H 1
| #define HAVE_SYS_PARAM_H 1
| #define HAVE_SYS_TIME_H 1
| #define HAVE_UNISTD_H 1
| /* end confdefs.h.  */
| #include <stdio.h>
| #ifdef HAVE_SYS_TYPES_H
| # include <sys/types.h>
| #endif
| #ifdef HAVE_SYS_STAT_H
| # include <sys/stat.h>
| #endif
| #ifdef STDC_HEADERS
| # include <stdlib.h>
| # include <stddef.h>
| #else
| # ifdef HAVE_STDLIB_H
| #  include <stdlib.h>
| # endif
| #endif
| #ifdef HAVE_STRING_H
| # if !defined STDC_HEADERS && defined HAVE_MEMORY_H
| #  include <memory.h>
| # endif
| # include <string.h>
| #endif
| #ifdef HAVE_STRINGS_H
| # include <strings.h>
| #endif
| #ifdef HAVE_INTTYPES_H
| # include <inttypes.h>
| #endif
| #ifdef HAVE_STDINT_H
| # include <stdint.h>
| #endif
| #ifdef HAVE_UNISTD_H
| # include <unistd.h>
| #endif
| int
| main ()
| {
| if (sizeof ((pid_t)))
| 	    return 0;
|   ;
|   return 0;
| }
configure:12096: result: yes
configure:12107: checking for size_t
configure:12107: /home/indal.choi/bin/android-ndk-r7/toolchains/arm-linux-androideabi-4.4.3/prebuilt/linux-x86/bin/arm-linux-androideabi-gcc -c --sysroot=/home/indal.choi/bin/android-ndk-r7/platforms/android-9/arch-arm -fvisibility=default --sysroot=/home/indal.choi/bin/android-ndk-r7/platforms/android-9/arch-arm -fvisibility=default conftest.c >&5
configure:12107: $? = 0
configure:12107: /home/indal.choi/bin/android-ndk-r7/toolchains/arm-linux-androideabi-4.4.3/prebuilt/linux-x86/bin/arm-linux-androideabi-gcc -c --sysroot=/home/indal.choi/bin/android-ndk-r7/platforms/android-9/arch-arm -fvisibility=default --sysroot=/home/indal.choi/bin/android-ndk-r7/platforms/android-9/arch-arm -fvisibility=default conftest.c >&5
conftest.c: In function 'main':
conftest.c:74: error: expected expression before ')' token
configure:12107: $? = 1
configure: failed program was:
| /* confdefs.h */
| #define PACKAGE_NAME "ltrace"
| #define PACKAGE_TARNAME "ltrace"
| #define PACKAGE_VERSION "0.6.0"
| #define PACKAGE_STRING "ltrace 0.6.0"
| #define PACKAGE_BUGREPORT "ltrace-devel@lists.alioth.debian.org"
| #define PACKAGE_URL ""
| #define STDC_HEADERS 1
| #define HAVE_SYS_TYPES_H 1
| #define HAVE_SYS_STAT_H 1
| #define HAVE_STDLIB_H 1
| #define HAVE_STRING_H 1
| #define HAVE_MEMORY_H 1
| #define HAVE_STRINGS_H 1
| #define HAVE_INTTYPES_H 1
| #define HAVE_STDINT_H 1
| #define HAVE_UNISTD_H 1
| #define HAVE_DLFCN_H 1
| #define LT_OBJDIR ".libs/"
| #define PACKAGE "ltrace"
| #define VERSION "0.6.0"
| #define HAVE_ELF_H 1
| #define HAVE_GELF_H 1
| #define HAVE_LIBELF 1
| #define HAVE_ELF_C_READ_MMAP 1
| #define ELF_HASH_TAKES_SIGNED_CHAR 1
| #define HAVE_FCNTL_H 1
| #define HAVE_LIMITS_H 1
| #define HAVE_STDDEF_H 1
| #define HAVE_STDINT_H 1
| #define HAVE_STDLIB_H 1
| #define HAVE_STRING_H 1
| #define HAVE_SYS_IOCTL_H 1
| #define HAVE_SYS_PARAM_H 1
| #define HAVE_SYS_TIME_H 1
| #define HAVE_UNISTD_H 1
| /* end confdefs.h.  */
| #include <stdio.h>
| #ifdef HAVE_SYS_TYPES_H
| # include <sys/types.h>
| #endif
| #ifdef HAVE_SYS_STAT_H
| # include <sys/stat.h>
| #endif
| #ifdef STDC_HEADERS
| # include <stdlib.h>
| # include <stddef.h>
| #else
| # ifdef HAVE_STDLIB_H
| #  include <stdlib.h>
| # endif
| #endif
| #ifdef HAVE_STRING_H
| # if !defined STDC_HEADERS && defined HAVE_MEMORY_H
| #  include <memory.h>
| # endif
| # include <string.h>
| #endif
| #ifdef HAVE_STRINGS_H
| # include <strings.h>
| #endif
| #ifdef HAVE_INTTYPES_H
| # include <inttypes.h>
| #endif
| #ifdef HAVE_STDINT_H
| # include <stdint.h>
| #endif
| #ifdef HAVE_UNISTD_H
| # include <unistd.h>
| #endif
| int
| main ()
| {
| if (sizeof ((size_t)))
| 	    return 0;
|   ;
|   return 0;
| }
configure:12107: result: yes
configure:12122: checking size of long
configure:12127: /home/indal.choi/bin/android-ndk-r7/toolchains/arm-linux-androideabi-4.4.3/prebuilt/linux-x86/bin/arm-linux-androideabi-gcc -c --sysroot=/home/indal.choi/bin/android-ndk-r7/platforms/android-9/arch-arm -fvisibility=default --sysroot=/home/indal.choi/bin/android-ndk-r7/platforms/android-9/arch-arm -fvisibility=default conftest.c >&5
configure:12127: $? = 0
configure:12127: /home/indal.choi/bin/android-ndk-r7/toolchains/arm-linux-androideabi-4.4.3/prebuilt/linux-x86/bin/arm-linux-androideabi-gcc -c --sysroot=/home/indal.choi/bin/android-ndk-r7/platforms/android-9/arch-arm -fvisibility=default --sysroot=/home/indal.choi/bin/android-ndk-r7/platforms/android-9/arch-arm -fvisibility=default conftest.c >&5
conftest.c: In function 'main':
conftest.c:74: error: size of array 'test_array' is negative
configure:12127: $? = 1
configure: failed program was:
| /* confdefs.h */
| #define PACKAGE_NAME "ltrace"
| #define PACKAGE_TARNAME "ltrace"
| #define PACKAGE_VERSION "0.6.0"
| #define PACKAGE_STRING "ltrace 0.6.0"
| #define PACKAGE_BUGREPORT "ltrace-devel@lists.alioth.debian.org"
| #define PACKAGE_URL ""
| #define STDC_HEADERS 1
| #define HAVE_SYS_TYPES_H 1
| #define HAVE_SYS_STAT_H 1
| #define HAVE_STDLIB_H 1
| #define HAVE_STRING_H 1
| #define HAVE_MEMORY_H 1
| #define HAVE_STRINGS_H 1
| #define HAVE_INTTYPES_H 1
| #define HAVE_STDINT_H 1
| #define HAVE_UNISTD_H 1
| #define HAVE_DLFCN_H 1
| #define LT_OBJDIR ".libs/"
| #define PACKAGE "ltrace"
| #define VERSION "0.6.0"
| #define HAVE_ELF_H 1
| #define HAVE_GELF_H 1
| #define HAVE_LIBELF 1
| #define HAVE_ELF_C_READ_MMAP 1
| #define ELF_HASH_TAKES_SIGNED_CHAR 1
| #define HAVE_FCNTL_H 1
| #define HAVE_LIMITS_H 1
| #define HAVE_STDDEF_H 1
| #define HAVE_STDINT_H 1
| #define HAVE_STDLIB_H 1
| #define HAVE_STRING_H 1
| #define HAVE_SYS_IOCTL_H 1
| #define HAVE_SYS_PARAM_H 1
| #define HAVE_SYS_TIME_H 1
| #define HAVE_UNISTD_H 1
| /* end confdefs.h.  */
| #include <stdio.h>
| #ifdef HAVE_SYS_TYPES_H
| # include <sys/types.h>
| #endif
| #ifdef HAVE_SYS_STAT_H
| # include <sys/stat.h>
| #endif
| #ifdef STDC_HEADERS
| # include <stdlib.h>
| # include <stddef.h>
| #else
| # ifdef HAVE_STDLIB_H
| #  include <stdlib.h>
| # endif
| #endif
| #ifdef HAVE_STRING_H
| # if !defined STDC_HEADERS && defined HAVE_MEMORY_H
| #  include <memory.h>
| # endif
| # include <string.h>
| #endif
| #ifdef HAVE_STRINGS_H
| # include <strings.h>
| #endif
| #ifdef HAVE_INTTYPES_H
| # include <inttypes.h>
| #endif
| #ifdef HAVE_STDINT_H
| # include <stdint.h>
| #endif
| #ifdef HAVE_UNISTD_H
| # include <unistd.h>
| #endif
| int
| main ()
| {
| static int test_array [1 - 2 * !(((long int) (sizeof (long))) <= 0)];
| test_array [0] = 0
| 
|   ;
|   return 0;
| }
configure:12127: /home/indal.choi/bin/android-ndk-r7/toolchains/arm-linux-androideabi-4.4.3/prebuilt/linux-x86/bin/arm-linux-androideabi-gcc -c --sysroot=/home/indal.choi/bin/android-ndk-r7/platforms/android-9/arch-arm -fvisibility=default --sysroot=/home/indal.choi/bin/android-ndk-r7/platforms/android-9/arch-arm -fvisibility=default conftest.c >&5
conftest.c: In function 'main':
conftest.c:74: error: size of array 'test_array' is negative
configure:12127: $? = 1
configure: failed program was:
| /* confdefs.h */
| #define PACKAGE_NAME "ltrace"
| #define PACKAGE_TARNAME "ltrace"
| #define PACKAGE_VERSION "0.6.0"
| #define PACKAGE_STRING "ltrace 0.6.0"
| #define PACKAGE_BUGREPORT "ltrace-devel@lists.alioth.debian.org"
| #define PACKAGE_URL ""
| #define STDC_HEADERS 1
| #define HAVE_SYS_TYPES_H 1
| #define HAVE_SYS_STAT_H 1
| #define HAVE_STDLIB_H 1
| #define HAVE_STRING_H 1
| #define HAVE_MEMORY_H 1
| #define HAVE_STRINGS_H 1
| #define HAVE_INTTYPES_H 1
| #define HAVE_STDINT_H 1
| #define HAVE_UNISTD_H 1
| #define HAVE_DLFCN_H 1
| #define LT_OBJDIR ".libs/"
| #define PACKAGE "ltrace"
| #define VERSION "0.6.0"
| #define HAVE_ELF_H 1
| #define HAVE_GELF_H 1
| #define HAVE_LIBELF 1
| #define HAVE_ELF_C_READ_MMAP 1
| #define ELF_HASH_TAKES_SIGNED_CHAR 1
| #define HAVE_FCNTL_H 1
| #define HAVE_LIMITS_H 1
| #define HAVE_STDDEF_H 1
| #define HAVE_STDINT_H 1
| #define HAVE_STDLIB_H 1
| #define HAVE_STRING_H 1
| #define HAVE_SYS_IOCTL_H 1
| #define HAVE_SYS_PARAM_H 1
| #define HAVE_SYS_TIME_H 1
| #define HAVE_UNISTD_H 1
| /* end confdefs.h.  */
| #include <stdio.h>
| #ifdef HAVE_SYS_TYPES_H
| # include <sys/types.h>
| #endif
| #ifdef HAVE_SYS_STAT_H
| # include <sys/stat.h>
| #endif
| #ifdef STDC_HEADERS
| # include <stdlib.h>
| # include <stddef.h>
| #else
| # ifdef HAVE_STDLIB_H
| #  include <stdlib.h>
| # endif
| #endif
| #ifdef HAVE_STRING_H
| # if !defined STDC_HEADERS && defined HAVE_MEMORY_H
| #  include <memory.h>
| # endif
| # include <string.h>
| #endif
| #ifdef HAVE_STRINGS_H
| # include <strings.h>
| #endif
| #ifdef HAVE_INTTYPES_H
| # include <inttypes.h>
| #endif
| #ifdef HAVE_STDINT_H
| # include <stdint.h>
| #endif
| #ifdef HAVE_UNISTD_H
| # include <unistd.h>
| #endif
| int
| main ()
| {
| static int test_array [1 - 2 * !(((long int) (sizeof (long))) <= 1)];
| test_array [0] = 0
| 
|   ;
|   return 0;
| }
configure:12127: /home/indal.choi/bin/android-ndk-r7/toolchains/arm-linux-androideabi-4.4.3/prebuilt/linux-x86/bin/arm-linux-androideabi-gcc -c --sysroot=/home/indal.choi/bin/android-ndk-r7/platforms/android-9/arch-arm -fvisibility=default --sysroot=/home/indal.choi/bin/android-ndk-r7/platforms/android-9/arch-arm -fvisibility=default conftest.c >&5
conftest.c: In function 'main':
conftest.c:74: error: size of array 'test_array' is negative
configure:12127: $? = 1
configure: failed program was:
| /* confdefs.h */
| #define PACKAGE_NAME "ltrace"
| #define PACKAGE_TARNAME "ltrace"
| #define PACKAGE_VERSION "0.6.0"
| #define PACKAGE_STRING "ltrace 0.6.0"
| #define PACKAGE_BUGREPORT "ltrace-devel@lists.alioth.debian.org"
| #define PACKAGE_URL ""
| #define STDC_HEADERS 1
| #define HAVE_SYS_TYPES_H 1
| #define HAVE_SYS_STAT_H 1
| #define HAVE_STDLIB_H 1
| #define HAVE_STRING_H 1
| #define HAVE_MEMORY_H 1
| #define HAVE_STRINGS_H 1
| #define HAVE_INTTYPES_H 1
| #define HAVE_STDINT_H 1
| #define HAVE_UNISTD_H 1
| #define HAVE_DLFCN_H 1
| #define LT_OBJDIR ".libs/"
| #define PACKAGE "ltrace"
| #define VERSION "0.6.0"
| #define HAVE_ELF_H 1
| #define HAVE_GELF_H 1
| #define HAVE_LIBELF 1
| #define HAVE_ELF_C_READ_MMAP 1
| #define ELF_HASH_TAKES_SIGNED_CHAR 1
| #define HAVE_FCNTL_H 1
| #define HAVE_LIMITS_H 1
| #define HAVE_STDDEF_H 1
| #define HAVE_STDINT_H 1
| #define HAVE_STDLIB_H 1
| #define HAVE_STRING_H 1
| #define HAVE_SYS_IOCTL_H 1
| #define HAVE_SYS_PARAM_H 1
| #define HAVE_SYS_TIME_H 1
| #define HAVE_UNISTD_H 1
| /* end confdefs.h.  */
| #include <stdio.h>
| #ifdef HAVE_SYS_TYPES_H
| # include <sys/types.h>
| #endif
| #ifdef HAVE_SYS_STAT_H
| # include <sys/stat.h>
| #endif
| #ifdef STDC_HEADERS
| # include <stdlib.h>
| # include <stddef.h>
| #else
| # ifdef HAVE_STDLIB_H
| #  include <stdlib.h>
| # endif
| #endif
| #ifdef HAVE_STRING_H
| # if !defined STDC_HEADERS && defined HAVE_MEMORY_H
| #  include <memory.h>
| # endif
| # include <string.h>
| #endif
| #ifdef HAVE_STRINGS_H
| # include <strings.h>
| #endif
| #ifdef HAVE_INTTYPES_H
| # include <inttypes.h>
| #endif
| #ifdef HAVE_STDINT_H
| # include <stdint.h>
| #endif
| #ifdef HAVE_UNISTD_H
| # include <unistd.h>
| #endif
| int
| main ()
| {
| static int test_array [1 - 2 * !(((long int) (sizeof (long))) <= 3)];
| test_array [0] = 0
| 
|   ;
|   return 0;
| }
configure:12127: /home/indal.choi/bin/android-ndk-r7/toolchains/arm-linux-androideabi-4.4.3/prebuilt/linux-x86/bin/arm-linux-androideabi-gcc -c --sysroot=/home/indal.choi/bin/android-ndk-r7/platforms/android-9/arch-arm -fvisibility=default --sysroot=/home/indal.choi/bin/android-ndk-r7/platforms/android-9/arch-arm -fvisibility=default conftest.c >&5
configure:12127: $? = 0
configure:12127: /home/indal.choi/bin/android-ndk-r7/toolchains/arm-linux-androideabi-4.4.3/prebuilt/linux-x86/bin/arm-linux-androideabi-gcc -c --sysroot=/home/indal.choi/bin/android-ndk-r7/platforms/android-9/arch-arm -fvisibility=default --sysroot=/home/indal.choi/bin/android-ndk-r7/platforms/android-9/arch-arm -fvisibility=default conftest.c >&5
configure:12127: $? = 0
configure:12127: /home/indal.choi/bin/android-ndk-r7/toolchains/arm-linux-androideabi-4.4.3/prebuilt/linux-x86/bin/arm-linux-androideabi-gcc -c --sysroot=/home/indal.choi/bin/android-ndk-r7/platforms/android-9/arch-arm -fvisibility=default --sysroot=/home/indal.choi/bin/android-ndk-r7/platforms/android-9/arch-arm -fvisibility=default conftest.c >&5
configure:12127: $? = 0
configure:12141: result: 4
configure:12154: checking for error_at_line
configure:12170: /home/indal.choi/bin/android-ndk-r7/toolchains/arm-linux-androideabi-4.4.3/prebuilt/linux-x86/bin/arm-linux-androideabi-gcc -o conftest --sysroot=/home/indal.choi/bin/android-ndk-r7/platforms/android-9/arch-arm -fvisibility=default --sysroot=/home/indal.choi/bin/android-ndk-r7/platforms/android-9/arch-arm -fvisibility=default  conftest.c -lelf  >&5
configure:12170: $? = 0
configure:12178: result: yes
configure:12191: checking vfork.h usability
configure:12191: /home/indal.choi/bin/android-ndk-r7/toolchains/arm-linux-androideabi-4.4.3/prebuilt/linux-x86/bin/arm-linux-androideabi-gcc -c --sysroot=/home/indal.choi/bin/android-ndk-r7/platforms/android-9/arch-arm -fvisibility=default --sysroot=/home/indal.choi/bin/android-ndk-r7/platforms/android-9/arch-arm -fvisibility=default conftest.c >&5
conftest.c:72:19: error: vfork.h: No such file or directory
configure:12191: $? = 1
configure: failed program was:
| /* confdefs.h */
| #define PACKAGE_NAME "ltrace"
| #define PACKAGE_TARNAME "ltrace"
| #define PACKAGE_VERSION "0.6.0"
| #define PACKAGE_STRING "ltrace 0.6.0"
| #define PACKAGE_BUGREPORT "ltrace-devel@lists.alioth.debian.org"
| #define PACKAGE_URL ""
| #define STDC_HEADERS 1
| #define HAVE_SYS_TYPES_H 1
| #define HAVE_SYS_STAT_H 1
| #define HAVE_STDLIB_H 1
| #define HAVE_STRING_H 1
| #define HAVE_MEMORY_H 1
| #define HAVE_STRINGS_H 1
| #define HAVE_INTTYPES_H 1
| #define HAVE_STDINT_H 1
| #define HAVE_UNISTD_H 1
| #define HAVE_DLFCN_H 1
| #define LT_OBJDIR ".libs/"
| #define PACKAGE "ltrace"
| #define VERSION "0.6.0"
| #define HAVE_ELF_H 1
| #define HAVE_GELF_H 1
| #define HAVE_LIBELF 1
| #define HAVE_ELF_C_READ_MMAP 1
| #define ELF_HASH_TAKES_SIGNED_CHAR 1
| #define HAVE_FCNTL_H 1
| #define HAVE_LIMITS_H 1
| #define HAVE_STDDEF_H 1
| #define HAVE_STDINT_H 1
| #define HAVE_STDLIB_H 1
| #define HAVE_STRING_H 1
| #define HAVE_SYS_IOCTL_H 1
| #define HAVE_SYS_PARAM_H 1
| #define HAVE_SYS_TIME_H 1
| #define HAVE_UNISTD_H 1
| #define SIZEOF_LONG 4
| /* end confdefs.h.  */
| #include <stdio.h>
| #ifdef HAVE_SYS_TYPES_H
| # include <sys/types.h>
| #endif
| #ifdef HAVE_SYS_STAT_H
| # include <sys/stat.h>
| #endif
| #ifdef STDC_HEADERS
| # include <stdlib.h>
| # include <stddef.h>
| #else
| # ifdef HAVE_STDLIB_H
| #  include <stdlib.h>
| # endif
| #endif
| #ifdef HAVE_STRING_H
| # if !defined STDC_HEADERS && defined HAVE_MEMORY_H
| #  include <memory.h>
| # endif
| # include <string.h>
| #endif
| #ifdef HAVE_STRINGS_H
| # include <strings.h>
| #endif
| #ifdef HAVE_INTTYPES_H
| # include <inttypes.h>
| #endif
| #ifdef HAVE_STDINT_H
| # include <stdint.h>
| #endif
| #ifdef HAVE_UNISTD_H
| # include <unistd.h>
| #endif
| #include <vfork.h>
configure:12191: result: no
configure:12191: checking vfork.h presence
configure:12191: /home/indal.choi/bin/android-ndk-r7/toolchains/arm-linux-androideabi-4.4.3/prebuilt/linux-x86/bin/arm-linux-androideabi-gcc -E --sysroot=/home/indal.choi/bin/android-ndk-r7/platforms/android-9/arch-arm -fvisibility=default conftest.c
conftest.c:39:19: error: vfork.h: No such file or directory
configure:12191: $? = 1
configure: failed program was:
| /* confdefs.h */
| #define PACKAGE_NAME "ltrace"
| #define PACKAGE_TARNAME "ltrace"
| #define PACKAGE_VERSION "0.6.0"
| #define PACKAGE_STRING "ltrace 0.6.0"
| #define PACKAGE_BUGREPORT "ltrace-devel@lists.alioth.debian.org"
| #define PACKAGE_URL ""
| #define STDC_HEADERS 1
| #define HAVE_SYS_TYPES_H 1
| #define HAVE_SYS_STAT_H 1
| #define HAVE_STDLIB_H 1
| #define HAVE_STRING_H 1
| #define HAVE_MEMORY_H 1
| #define HAVE_STRINGS_H 1
| #define HAVE_INTTYPES_H 1
| #define HAVE_STDINT_H 1
| #define HAVE_UNISTD_H 1
| #define HAVE_DLFCN_H 1
| #define LT_OBJDIR ".libs/"
| #define PACKAGE "ltrace"
| #define VERSION "0.6.0"
| #define HAVE_ELF_H 1
| #define HAVE_GELF_H 1
| #define HAVE_LIBELF 1
| #define HAVE_ELF_C_READ_MMAP 1
| #define ELF_HASH_TAKES_SIGNED_CHAR 1
| #define HAVE_FCNTL_H 1
| #define HAVE_LIMITS_H 1
| #define HAVE_STDDEF_H 1
| #define HAVE_STDINT_H 1
| #define HAVE_STDLIB_H 1
| #define HAVE_STRING_H 1
| #define HAVE_SYS_IOCTL_H 1
| #define HAVE_SYS_PARAM_H 1
| #define HAVE_SYS_TIME_H 1
| #define HAVE_UNISTD_H 1
| #define SIZEOF_LONG 4
| /* end confdefs.h.  */
| #include <vfork.h>
configure:12191: result: no
configure:12191: checking for vfork.h
configure:12191: result: no
configure:12204: checking for fork
configure:12204: /home/indal.choi/bin/android-ndk-r7/toolchains/arm-linux-androideabi-4.4.3/prebuilt/linux-x86/bin/arm-linux-androideabi-gcc -o conftest --sysroot=/home/indal.choi/bin/android-ndk-r7/platforms/android-9/arch-arm -fvisibility=default --sysroot=/home/indal.choi/bin/android-ndk-r7/platforms/android-9/arch-arm -fvisibility=default  conftest.c -lelf  >&5
conftest.c:62: warning: conflicting types for built-in function 'fork'
configure:12204: $? = 0
configure:12204: result: yes
configure:12204: checking for vfork
configure:12204: /home/indal.choi/bin/android-ndk-r7/toolchains/arm-linux-androideabi-4.4.3/prebuilt/linux-x86/bin/arm-linux-androideabi-gcc -o conftest --sysroot=/home/indal.choi/bin/android-ndk-r7/platforms/android-9/arch-arm -fvisibility=default --sysroot=/home/indal.choi/bin/android-ndk-r7/platforms/android-9/arch-arm -fvisibility=default  conftest.c -lelf  >&5
configure:12204: $? = 0
configure:12204: result: yes
configure:12214: checking for working fork
configure:12246: result: cross
configure:12262: WARNING: result yes guessed because of cross compilation
configure:12267: checking for working vfork
configure:12377: result: yes
configure:12418: checking for alarm
configure:12418: /home/indal.choi/bin/android-ndk-r7/toolchains/arm-linux-androideabi-4.4.3/prebuilt/linux-x86/bin/arm-linux-androideabi-gcc -o conftest --sysroot=/home/indal.choi/bin/android-ndk-r7/platforms/android-9/arch-arm -fvisibility=default --sysroot=/home/indal.choi/bin/android-ndk-r7/platforms/android-9/arch-arm -fvisibility=default  conftest.c -lelf  >&5
configure:12418: $? = 0
configure:12418: result: yes
configure:12418: checking for atexit
configure:12418: /home/indal.choi/bin/android-ndk-r7/toolchains/arm-linux-androideabi-4.4.3/prebuilt/linux-x86/bin/arm-linux-androideabi-gcc -o conftest --sysroot=/home/indal.choi/bin/android-ndk-r7/platforms/android-9/arch-arm -fvisibility=default --sysroot=/home/indal.choi/bin/android-ndk-r7/platforms/android-9/arch-arm -fvisibility=default  conftest.c -lelf  >&5
configure:12418: $? = 0
configure:12418: result: yes
configure:12418: checking for getcwd
configure:12418: /home/indal.choi/bin/android-ndk-r7/toolchains/arm-linux-androideabi-4.4.3/prebuilt/linux-x86/bin/arm-linux-androideabi-gcc -o conftest --sysroot=/home/indal.choi/bin/android-ndk-r7/platforms/android-9/arch-arm -fvisibility=default --sysroot=/home/indal.choi/bin/android-ndk-r7/platforms/android-9/arch-arm -fvisibility=default  conftest.c -lelf  >&5
configure:12418: $? = 0
configure:12418: result: yes
configure:12418: checking for gettimeofday
configure:12418: /home/indal.choi/bin/android-ndk-r7/toolchains/arm-linux-androideabi-4.4.3/prebuilt/linux-x86/bin/arm-linux-androideabi-gcc -o conftest --sysroot=/home/indal.choi/bin/android-ndk-r7/platforms/android-9/arch-arm -fvisibility=default --sysroot=/home/indal.choi/bin/android-ndk-r7/platforms/android-9/arch-arm -fvisibility=default  conftest.c -lelf  >&5
configure:12418: $? = 0
configure:12418: result: yes
configure:12418: checking for memset
configure:12418: /home/indal.choi/bin/android-ndk-r7/toolchains/arm-linux-androideabi-4.4.3/prebuilt/linux-x86/bin/arm-linux-androideabi-gcc -o conftest --sysroot=/home/indal.choi/bin/android-ndk-r7/platforms/android-9/arch-arm -fvisibility=default --sysroot=/home/indal.choi/bin/android-ndk-r7/platforms/android-9/arch-arm -fvisibility=default  conftest.c -lelf  >&5
conftest.c:70: warning: conflicting types for built-in function 'memset'
configure:12418: $? = 0
configure:12418: result: yes
configure:12418: checking for mkdir
configure:12418: /home/indal.choi/bin/android-ndk-r7/toolchains/arm-linux-androideabi-4.4.3/prebuilt/linux-x86/bin/arm-linux-androideabi-gcc -o conftest --sysroot=/home/indal.choi/bin/android-ndk-r7/platforms/android-9/arch-arm -fvisibility=default --sysroot=/home/indal.choi/bin/android-ndk-r7/platforms/android-9/arch-arm -fvisibility=default  conftest.c -lelf  >&5
configure:12418: $? = 0
configure:12418: result: yes
configure:12418: checking for rmdir
configure:12418: /home/indal.choi/bin/android-ndk-r7/toolchains/arm-linux-androideabi-4.4.3/prebuilt/linux-x86/bin/arm-linux-androideabi-gcc -o conftest --sysroot=/home/indal.choi/bin/android-ndk-r7/platforms/android-9/arch-arm -fvisibility=default --sysroot=/home/indal.choi/bin/android-ndk-r7/platforms/android-9/arch-arm -fvisibility=default  conftest.c -lelf  >&5
configure:12418: $? = 0
configure:12418: result: yes
configure:12418: checking for strchr
configure:12418: /home/indal.choi/bin/android-ndk-r7/toolchains/arm-linux-androideabi-4.4.3/prebuilt/linux-x86/bin/arm-linux-androideabi-gcc -o conftest --sysroot=/home/indal.choi/bin/android-ndk-r7/platforms/android-9/arch-arm -fvisibility=default --sysroot=/home/indal.choi/bin/android-ndk-r7/platforms/android-9/arch-arm -fvisibility=default  conftest.c -lelf  >&5
conftest.c:73: warning: conflicting types for built-in function 'strchr'
configure:12418: $? = 0
configure:12418: result: yes
configure:12418: checking for strdup
configure:12418: /home/indal.choi/bin/android-ndk-r7/toolchains/arm-linux-androideabi-4.4.3/prebuilt/linux-x86/bin/arm-linux-androideabi-gcc -o conftest --sysroot=/home/indal.choi/bin/android-ndk-r7/platforms/android-9/arch-arm -fvisibility=default --sysroot=/home/indal.choi/bin/android-ndk-r7/platforms/android-9/arch-arm -fvisibility=default  conftest.c -lelf  >&5
conftest.c:74: warning: conflicting types for built-in function 'strdup'
configure:12418: $? = 0
configure:12418: result: yes
configure:12418: checking for strerror
configure:12418: /home/indal.choi/bin/android-ndk-r7/toolchains/arm-linux-androideabi-4.4.3/prebuilt/linux-x86/bin/arm-linux-androideabi-gcc -o conftest --sysroot=/home/indal.choi/bin/android-ndk-r7/platforms/android-9/arch-arm -fvisibility=default --sysroot=/home/indal.choi/bin/android-ndk-r7/platforms/android-9/arch-arm -fvisibility=default  conftest.c -lelf  >&5
configure:12418: $? = 0
configure:12418: result: yes
configure:12418: checking for strtol
configure:12418: /home/indal.choi/bin/android-ndk-r7/toolchains/arm-linux-androideabi-4.4.3/prebuilt/linux-x86/bin/arm-linux-androideabi-gcc -o conftest --sysroot=/home/indal.choi/bin/android-ndk-r7/platforms/android-9/arch-arm -fvisibility=default --sysroot=/home/indal.choi/bin/android-ndk-r7/platforms/android-9/arch-arm -fvisibility=default  conftest.c -lelf  >&5
configure:12418: $? = 0
configure:12418: result: yes
configure:12418: checking for strtoul
configure:12418: /home/indal.choi/bin/android-ndk-r7/toolchains/arm-linux-androideabi-4.4.3/prebuilt/linux-x86/bin/arm-linux-androideabi-gcc -o conftest --sysroot=/home/indal.choi/bin/android-ndk-r7/platforms/android-9/arch-arm -fvisibility=default --sysroot=/home/indal.choi/bin/android-ndk-r7/platforms/android-9/arch-arm -fvisibility=default  conftest.c -lelf  >&5
configure:12418: $? = 0
configure:12418: result: yes
configure:12432: checking whether to enable debugging
configure:12444: result: no
configure:12607: creating ./config.status

## ---------------------- ##
## Running config.status. ##
## ---------------------- ##

This file was extended by ltrace config.status 0.6.0, which was
generated by GNU Autoconf 2.68.  Invocation command line was

  CONFIG_FILES    = 
  CONFIG_HEADERS  = 
  CONFIG_LINKS    = 
  CONFIG_COMMANDS = 
  $ ./config.status 

on indal-pc

config.status:1150: creating Makefile
config.status:1150: creating sysdeps/Makefile
config.status:1150: creating sysdeps/linux-gnu/Makefile
config.status:1150: creating sysdeps/linux-gnu/alpha/Makefile
config.status:1150: creating sysdeps/linux-gnu/arm/Makefile
config.status:1150: creating sysdeps/linux-gnu/i386/Makefile
config.status:1150: creating sysdeps/linux-gnu/ia64/Makefile
config.status:1150: creating sysdeps/linux-gnu/m68k/Makefile
config.status:1150: creating sysdeps/linux-gnu/mipsel/Makefile
config.status:1150: creating sysdeps/linux-gnu/ppc/Makefile
config.status:1150: creating sysdeps/linux-gnu/s390/Makefile
config.status:1150: creating sysdeps/linux-gnu/sparc/Makefile
config.status:1150: creating sysdeps/linux-gnu/x86_64/Makefile
config.status:1150: creating testsuite/Makefile
config.status:1150: creating testsuite/ltrace.main/Makefile
config.status:1150: creating testsuite/ltrace.minor/Makefile
config.status:1150: creating testsuite/ltrace.torture/Makefile
config.status:1150: creating config.h
config.status:1331: config.h is unchanged
config.status:1379: executing libtool commands
config.status:1379: executing depfiles commands

## ---------------- ##
## Cache variables. ##
## ---------------- ##

ac_cv_build=x86_64-unknown-linux-gnu
ac_cv_c_compiler_gnu=yes
ac_cv_c_inline=inline
ac_cv_env_CC_set=set
ac_cv_env_CC_value=/home/indal.choi/bin/android-ndk-r7/toolchains/arm-linux-androideabi-4.4.3/prebuilt/linux-x86/bin/arm-linux-androideabi-gcc
ac_cv_env_CFLAGS_set=set
ac_cv_env_CFLAGS_value='--sysroot=/home/indal.choi/bin/android-ndk-r7/platforms/android-9/arch-arm -fvisibility=default'
ac_cv_env_CPPFLAGS_set=set
ac_cv_env_CPPFLAGS_value='--sysroot=/home/indal.choi/bin/android-ndk-r7/platforms/android-9/arch-arm -fvisibility=default'
ac_cv_env_CPP_set=
ac_cv_env_CPP_value=
ac_cv_env_LDFLAGS_set=
ac_cv_env_LDFLAGS_value=
ac_cv_env_LIBS_set=
ac_cv_env_LIBS_value=
ac_cv_env_build_alias_set=
ac_cv_env_build_alias_value=
ac_cv_env_host_alias_set=set
ac_cv_env_host_alias_value=armv7-unknown-linux
ac_cv_env_target_alias_set=
ac_cv_env_target_alias_value=
ac_cv_func_alarm=yes
ac_cv_func_atexit=yes
ac_cv_func_fork=yes
ac_cv_func_fork_works=yes
ac_cv_func_getcwd=yes
ac_cv_func_gettimeofday=yes
ac_cv_func_memset=yes
ac_cv_func_mkdir=yes
ac_cv_func_rmdir=yes
ac_cv_func_strchr=yes
ac_cv_func_strdup=yes
ac_cv_func_strerror=yes
ac_cv_func_strtol=yes
ac_cv_func_strtoul=yes
ac_cv_func_vfork=yes
ac_cv_func_vfork_works=yes
ac_cv_header_dlfcn_h=yes
ac_cv_header_elf_h=yes
ac_cv_header_fcntl_h=yes
ac_cv_header_gelf_h=yes
ac_cv_header_inttypes_h=yes
ac_cv_header_libunwind_h=no
ac_cv_header_libunwind_ptrace_h=no
ac_cv_header_limits_h=yes
ac_cv_header_memory_h=yes
ac_cv_header_stdc=yes
ac_cv_header_stddef_h=yes
ac_cv_header_stdint_h=yes
ac_cv_header_stdlib_h=yes
ac_cv_header_string_h=yes
ac_cv_header_strings_h=yes
ac_cv_header_sys_ioctl_h=yes
ac_cv_header_sys_param_h=yes
ac_cv_header_sys_stat_h=yes
ac_cv_header_sys_time_h=yes
ac_cv_header_sys_types_h=yes
ac_cv_header_unistd_h=yes
ac_cv_header_vfork_h=no
ac_cv_host=armv7-unknown-linux-gnu
ac_cv_lib_elf_elf_begin=yes
ac_cv_lib_error_at_line=yes
ac_cv_lib_iberty_cplus_demangle=no
ac_cv_lib_supcpp___cxa_demangle=no
ac_cv_objext=o
ac_cv_path_EGREP='/bin/grep -E'
ac_cv_path_FGREP='/bin/grep -F'
ac_cv_path_GREP=/bin/grep
ac_cv_path_SED=/bin/sed
ac_cv_path_install='/usr/bin/install -c'
ac_cv_path_mkdir=/bin/mkdir
ac_cv_prog_AR=/home/indal.choi/bin/android-ndk-r7/toolchains/arm-linux-androideabi-4.4.3/prebuilt/linux-x86/bin/arm-linux-androideabi-ar
ac_cv_prog_AWK=mawk
ac_cv_prog_CC=/home/indal.choi/bin/android-ndk-r7/toolchains/arm-linux-androideabi-4.4.3/prebuilt/linux-x86/bin/arm-linux-androideabi-gcc
ac_cv_prog_CPP='/home/indal.choi/bin/android-ndk-r7/toolchains/arm-linux-androideabi-4.4.3/prebuilt/linux-x86/bin/arm-linux-androideabi-gcc -E'
ac_cv_prog_STRIP=strip
ac_cv_prog_ac_ct_DUMPBIN='link -dump'
ac_cv_prog_ac_ct_MANIFEST_TOOL=mt
ac_cv_prog_ac_ct_OBJDUMP=objdump
ac_cv_prog_ac_ct_RANLIB=ranlib
ac_cv_prog_ac_ct_STRIP=strip
ac_cv_prog_cc_c89=
ac_cv_prog_cc_g=yes
ac_cv_prog_make_make_set=yes
ac_cv_sizeof_long=4
ac_cv_type_pid_t=yes
ac_cv_type_size_t=yes
ac_cv_type_uid_t=yes
am_cv_CC_dependencies_compiler_type=gcc3
lt_cv_ar_at_file=@
lt_cv_archive_cmds_need_lc=no
lt_cv_deplibs_check_method=pass_all
lt_cv_file_magic_cmd='$MAGIC_CMD'
lt_cv_file_magic_test_file=
lt_cv_ld_reload_flag=-r
lt_cv_nm_interface='BSD nm'
lt_cv_objdir=.libs
lt_cv_path_LD=/home/indal.choi/bin/android-ndk-r7/toolchains/arm-linux-androideabi-4.4.3/prebuilt/linux-x86/bin/arm-linux-androideabi-ld
lt_cv_path_NM=no
lt_cv_path_mainfest_tool=no
lt_cv_prog_compiler_c_o=yes
lt_cv_prog_compiler_pic='-fPIC -DPIC'
lt_cv_prog_compiler_pic_works=yes
lt_cv_prog_compiler_rtti_exceptions=no
lt_cv_prog_compiler_static_works=yes
lt_cv_prog_gnu_ld=yes
lt_cv_sharedlib_from_linklib_cmd='printf %s\n'
lt_cv_shlibpath_overrides_runpath=no
lt_cv_sys_global_symbol_pipe='sed -n -e '\''s/^.*[	 ]\([ABCDGIRSTW][ABCDGIRSTW]*\)[	 ][	 ]*\([_A-Za-z][_A-Za-z0-9]*\)$/\1 \2 \2/p'\'' | sed '\''/ __gnu_lto/d'\'''
lt_cv_sys_global_symbol_to_c_name_address='sed -n -e '\''s/^: \([^ ]*\)[ ]*$/  {\"\1\", (void *) 0},/p'\'' -e '\''s/^[ABCDGIRSTW]* \([^ ]*\) \([^ ]*\)$/  {"\2", (void *) \&\2},/p'\'''
lt_cv_sys_global_symbol_to_c_name_address_lib_prefix='sed -n -e '\''s/^: \([^ ]*\)[ ]*$/  {\"\1\", (void *) 0},/p'\'' -e '\''s/^[ABCDGIRSTW]* \([^ ]*\) \(lib[^ ]*\)$/  {"\2", (void *) \&\2},/p'\'' -e '\''s/^[ABCDGIRSTW]* \([^ ]*\) \([^ ]*\)$/  {"lib\2", (void *) \&\2},/p'\'''
lt_cv_sys_global_symbol_to_cdecl='sed -n -e '\''s/^T .* \(.*\)$/extern int \1();/p'\'' -e '\''s/^[ABCDGIRSTW]* .* \(.*\)$/extern char \1;/p'\'''
lt_cv_sys_max_cmd_len=1572864
lt_cv_to_host_file_cmd=func_convert_file_noop
lt_cv_to_tool_file_cmd=func_convert_file_noop

## ----------------- ##
## Output variables. ##
## ----------------- ##

ACLOCAL='${SHELL} /home/indal.choi/android/ltrace/ltrace/config/autoconf/missing --run aclocal-1.11'
AMDEPBACKSLASH='\'
AMDEP_FALSE='#'
AMDEP_TRUE=''
AMTAR='${SHELL} /home/indal.choi/android/ltrace/ltrace/config/autoconf/missing --run tar'
AM_CFLAGS=' -Wall -Wsign-compare -Wfloat-equal -Wformat-security'
AM_CPPFLAGS=' 	 	-I$(top_srcdir)/sysdeps/linux-gnu/arm 	-I$(top_srcdir)/sysdeps/linux-gnu 	-I$(top_srcdir)/sysdeps 	-I$(top_srcdir) '
AM_LDFLAGS=''
AR='/home/indal.choi/bin/android-ndk-r7/toolchains/arm-linux-androideabi-4.4.3/prebuilt/linux-x86/bin/arm-linux-androideabi-ar'
AUTOCONF='${SHELL} /home/indal.choi/android/ltrace/ltrace/config/autoconf/missing --run autoconf'
AUTOHEADER='${SHELL} /home/indal.choi/android/ltrace/ltrace/config/autoconf/missing --run autoheader'
AUTOMAKE='${SHELL} /home/indal.choi/android/ltrace/ltrace/config/autoconf/missing --run automake-1.11'
AWK='mawk'
CC='/home/indal.choi/bin/android-ndk-r7/toolchains/arm-linux-androideabi-4.4.3/prebuilt/linux-x86/bin/arm-linux-androideabi-gcc'
CCDEPMODE='depmode=gcc3'
CFLAGS='--sysroot=/home/indal.choi/bin/android-ndk-r7/platforms/android-9/arch-arm -fvisibility=default'
CPP='/home/indal.choi/bin/android-ndk-r7/toolchains/arm-linux-androideabi-4.4.3/prebuilt/linux-x86/bin/arm-linux-androideabi-gcc -E'
CPPFLAGS='--sysroot=/home/indal.choi/bin/android-ndk-r7/platforms/android-9/arch-arm -fvisibility=default'
CYGPATH_W='echo'
DEFS='-DHAVE_CONFIG_H'
DEPDIR='.deps'
DLLTOOL='false'
DSYMUTIL=''
DUMPBIN=':'
ECHO_C=''
ECHO_N='-n'
ECHO_T=''
EGREP='/bin/grep -E'
EXEEXT=''
FGREP='/bin/grep -F'
GREP='/bin/grep'
HOST_CPU='arm'
HOST_OS='linux-gnu'
INSTALL_DATA='${INSTALL} -m 644'
INSTALL_PROGRAM='${INSTALL}'
INSTALL_SCRIPT='${INSTALL}'
INSTALL_STRIP_PROGRAM='$(install_sh) -c -s'
LD='/home/indal.choi/bin/android-ndk-r7/toolchains/arm-linux-androideabi-4.4.3/prebuilt/linux-x86/bin/arm-linux-androideabi-ld'
LDFLAGS=''
LIBOBJS=''
LIBS='-lelf '
LIBTOOL='$(SHELL) $(top_builddir)/libtool'
LIPO=''
LN_S='ln -s'
LTLIBOBJS=''
MAINT='#'
MAINTAINER_MODE_FALSE=''
MAINTAINER_MODE_TRUE='#'
MAKEINFO='${SHELL} /home/indal.choi/android/ltrace/ltrace/config/autoconf/missing --run makeinfo'
MANIFEST_TOOL=':'
MKDIR_P='/bin/mkdir -p'
NM='nm'
NMEDIT=''
OBJDUMP='objdump'
OBJEXT='o'
OTOOL64=''
OTOOL=''
PACKAGE='ltrace'
PACKAGE_BUGREPORT='ltrace-devel@lists.alioth.debian.org'
PACKAGE_NAME='ltrace'
PACKAGE_STRING='ltrace 0.6.0'
PACKAGE_TARNAME='ltrace'
PACKAGE_URL=''
PACKAGE_VERSION='0.6.0'
PATH_SEPARATOR=':'
RANLIB='ranlib'
SED='/bin/sed'
SET_MAKE=''
SHELL='/bin/bash'
STRIP='strip'
VERSION='0.6.0'
ac_ct_AR=''
ac_ct_CC=''
ac_ct_DUMPBIN='link -dump'
am__EXEEXT_FALSE=''
am__EXEEXT_TRUE='#'
am__fastdepCC_FALSE='#'
am__fastdepCC_TRUE=''
am__include='include'
am__isrc=''
am__leading_dot='.'
am__quote=''
am__tar='${AMTAR} chof - "$$tardir"'
am__untar='${AMTAR} xf -'
bindir='${exec_prefix}/bin'
build='x86_64-unknown-linux-gnu'
build_alias=''
build_cpu='x86_64'
build_os='linux-gnu'
build_vendor='unknown'
datadir='${datarootdir}'
datarootdir='${prefix}/share'
docdir='${datarootdir}/doc/${PACKAGE_TARNAME}'
dvidir='${docdir}'
exec_prefix='${prefix}'
host='armv7-unknown-linux-gnu'
host_alias='armv7-unknown-linux'
host_cpu='armv7'
host_os='linux-gnu'
host_vendor='unknown'
htmldir='${docdir}'
includedir='${prefix}/include'
infodir='${datarootdir}/info'
install_sh='${SHELL} /home/indal.choi/android/ltrace/ltrace/config/autoconf/install-sh'
libdir='${exec_prefix}/lib'
libelf_LD_LIBRARY_PATH=''
liberty_LIBS=''
libexecdir='${exec_prefix}/libexec'
libsupcxx_LIBS=''
libunwind_LD_LIBRARY_PATH=''
libunwind_LIBS=''
libunwind_arch_LIBS=''
libunwind_ptrace_LIBS=''
localedir='${datarootdir}/locale'
localstatedir='${prefix}/var'
mandir='${datarootdir}/man'
mkdir_p='/bin/mkdir -p'
oldincludedir='/usr/include'
pdfdir='${docdir}'
prefix='/system/bin'
program_transform_name='s,x,x,'
psdir='${docdir}'
sbindir='${exec_prefix}/sbin'
sharedstatedir='${prefix}/com'
sysconfdir='${prefix}/etc'
target_alias=''

## ----------- ##
## confdefs.h. ##
## ----------- ##

/* confdefs.h */
#define PACKAGE_NAME "ltrace"
#define PACKAGE_TARNAME "ltrace"
#define PACKAGE_VERSION "0.6.0"
#define PACKAGE_STRING "ltrace 0.6.0"
#define PACKAGE_BUGREPORT "ltrace-devel@lists.alioth.debian.org"
#define PACKAGE_URL ""
#define STDC_HEADERS 1
#define HAVE_SYS_TYPES_H 1
#define HAVE_SYS_STAT_H 1
#define HAVE_STDLIB_H 1
#define HAVE_STRING_H 1
#define HAVE_MEMORY_H 1
#define HAVE_STRINGS_H 1
#define HAVE_INTTYPES_H 1
#define HAVE_STDINT_H 1
#define HAVE_UNISTD_H 1
#define HAVE_DLFCN_H 1
#define LT_OBJDIR ".libs/"
#define PACKAGE "ltrace"
#define VERSION "0.6.0"
#define HAVE_ELF_H 1
#define HAVE_GELF_H 1
#define HAVE_LIBELF 1
#define HAVE_ELF_C_READ_MMAP 1
#define ELF_HASH_TAKES_SIGNED_CHAR 1
#define HAVE_FCNTL_H 1
#define HAVE_LIMITS_H 1
#define HAVE_STDDEF_H 1
#define HAVE_STDINT_H 1
#define HAVE_STDLIB_H 1
#define HAVE_STRING_H 1
#define HAVE_SYS_IOCTL_H 1
#define HAVE_SYS_PARAM_H 1
#define HAVE_SYS_TIME_H 1
#define HAVE_UNISTD_H 1
#define SIZEOF_LONG 4
#define HAVE_FORK 1
#define HAVE_VFORK 1
#define HAVE_WORKING_VFORK 1
#define HAVE_WORKING_FORK 1
#define HAVE_ALARM 1
#define HAVE_ATEXIT 1
#define HAVE_GETCWD 1
#define HAVE_GETTIMEOFDAY 1
#define HAVE_MEMSET 1
#define HAVE_MKDIR 1
#define HAVE_RMDIR 1
#define HAVE_STRCHR 1
#define HAVE_STRDUP 1
#define HAVE_STRERROR 1
#define HAVE_STRTOL 1
#define HAVE_STRTOUL 1

configure: exit 0
